INFO: [VRFC 10-2263] Analyzing Verilog file "H:/PUF/PUF_manualPR/PUF_manualPR.sim/sim_1/synth/timing/xsim/pufs_nx4_time_synth.v" into library xil_defaultlib
INFO: [VRFC 10-311] analyzing module dbg_hub_CV
INFO: [VRFC 10-311] analyzing module Dlatch
INFO: [VRFC 10-311] analyzing module Dlatch_0
INFO: [VRFC 10-311] analyzing module Dlatch_1
INFO: [VRFC 10-311] analyzing module Dlatch_10
INFO: [VRFC 10-311] analyzing module Dlatch_11
INFO: [VRFC 10-311] analyzing module Dlatch_12
INFO: [VRFC 10-311] analyzing module Dlatch_13
INFO: [VRFC 10-311] analyzing module Dlatch_14
INFO: [VRFC 10-311] analyzing module Dlatch_15
INFO: [VRFC 10-311] analyzing module Dlatch_16
INFO: [VRFC 10-311] analyzing module Dlatch_17
INFO: [VRFC 10-311] analyzing module Dlatch_18
INFO: [VRFC 10-311] analyzing module Dlatch_19
INFO: [VRFC 10-311] analyzing module Dlatch_2
INFO: [VRFC 10-311] analyzing module Dlatch_20
INFO: [VRFC 10-311] analyzing module Dlatch_21
INFO: [VRFC 10-311] analyzing module Dlatch_22
INFO: [VRFC 10-311] analyzing module Dlatch_23
INFO: [VRFC 10-311] analyzing module Dlatch_24
INFO: [VRFC 10-311] analyzing module Dlatch_25
INFO: [VRFC 10-311] analyzing module Dlatch_26
INFO: [VRFC 10-311] analyzing module Dlatch_27
INFO: [VRFC 10-311] analyzing module Dlatch_28
INFO: [VRFC 10-311] analyzing module Dlatch_29
INFO: [VRFC 10-311] analyzing module Dlatch_3
INFO: [VRFC 10-311] analyzing module Dlatch_30
INFO: [VRFC 10-311] analyzing module Dlatch_31
INFO: [VRFC 10-311] analyzing module Dlatch_32
INFO: [VRFC 10-311] analyzing module Dlatch_33
INFO: [VRFC 10-311] analyzing module Dlatch_34
INFO: [VRFC 10-311] analyzing module Dlatch_35
INFO: [VRFC 10-311] analyzing module Dlatch_36
INFO: [VRFC 10-311] analyzing module Dlatch_37
INFO: [VRFC 10-311] analyzing module Dlatch_38
INFO: [VRFC 10-311] analyzing module Dlatch_39
INFO: [VRFC 10-311] analyzing module Dlatch_4
INFO: [VRFC 10-311] analyzing module Dlatch_40
INFO: [VRFC 10-311] analyzing module Dlatch_41
INFO: [VRFC 10-311] analyzing module Dlatch_42
INFO: [VRFC 10-311] analyzing module Dlatch_43
INFO: [VRFC 10-311] analyzing module Dlatch_44
INFO: [VRFC 10-311] analyzing module Dlatch_45
INFO: [VRFC 10-311] analyzing module Dlatch_46
INFO: [VRFC 10-311] analyzing module Dlatch_47
INFO: [VRFC 10-311] analyzing module Dlatch_48
INFO: [VRFC 10-311] analyzing module Dlatch_49
INFO: [VRFC 10-311] analyzing module Dlatch_5
INFO: [VRFC 10-311] analyzing module Dlatch_50
INFO: [VRFC 10-311] analyzing module Dlatch_51
INFO: [VRFC 10-311] analyzing module Dlatch_52
INFO: [VRFC 10-311] analyzing module Dlatch_53
INFO: [VRFC 10-311] analyzing module Dlatch_54
INFO: [VRFC 10-311] analyzing module Dlatch_55
INFO: [VRFC 10-311] analyzing module Dlatch_56
INFO: [VRFC 10-311] analyzing module Dlatch_57
INFO: [VRFC 10-311] analyzing module Dlatch_58
INFO: [VRFC 10-311] analyzing module Dlatch_59
INFO: [VRFC 10-311] analyzing module Dlatch_6
INFO: [VRFC 10-311] analyzing module Dlatch_60
INFO: [VRFC 10-311] analyzing module Dlatch_61
INFO: [VRFC 10-311] analyzing module Dlatch_62
INFO: [VRFC 10-311] analyzing module Dlatch_7
INFO: [VRFC 10-311] analyzing module Dlatch_8
INFO: [VRFC 10-311] analyzing module Dlatch_9
INFO: [VRFC 10-311] analyzing module four_bit_puf
INFO: [VRFC 10-311] analyzing module ila_0
INFO: [VRFC 10-311] analyzing module one_bit_puf
INFO: [VRFC 10-311] analyzing module one_bit_puf__1
INFO: [VRFC 10-311] analyzing module one_bit_puf__10
INFO: [VRFC 10-311] analyzing module one_bit_puf__11
INFO: [VRFC 10-311] analyzing module one_bit_puf__12
INFO: [VRFC 10-311] analyzing module one_bit_puf__13
INFO: [VRFC 10-311] analyzing module one_bit_puf__14
INFO: [VRFC 10-311] analyzing module one_bit_puf__15
INFO: [VRFC 10-311] analyzing module one_bit_puf__16
INFO: [VRFC 10-311] analyzing module one_bit_puf__17
INFO: [VRFC 10-311] analyzing module one_bit_puf__18
INFO: [VRFC 10-311] analyzing module one_bit_puf__19
INFO: [VRFC 10-311] analyzing module one_bit_puf__2
INFO: [VRFC 10-311] analyzing module one_bit_puf__20
INFO: [VRFC 10-311] analyzing module one_bit_puf__21
INFO: [VRFC 10-311] analyzing module one_bit_puf__22
INFO: [VRFC 10-311] analyzing module one_bit_puf__23
INFO: [VRFC 10-311] analyzing module one_bit_puf__24
INFO: [VRFC 10-311] analyzing module one_bit_puf__25
INFO: [VRFC 10-311] analyzing module one_bit_puf__26
INFO: [VRFC 10-311] analyzing module one_bit_puf__27
INFO: [VRFC 10-311] analyzing module one_bit_puf__28
INFO: [VRFC 10-311] analyzing module one_bit_puf__29
INFO: [VRFC 10-311] analyzing module one_bit_puf__3
INFO: [VRFC 10-311] analyzing module one_bit_puf__30
INFO: [VRFC 10-311] analyzing module one_bit_puf__31
INFO: [VRFC 10-311] analyzing module one_bit_puf__4
INFO: [VRFC 10-311] analyzing module one_bit_puf__5
INFO: [VRFC 10-311] analyzing module one_bit_puf__6
INFO: [VRFC 10-311] analyzing module one_bit_puf__7
INFO: [VRFC 10-311] analyzing module one_bit_puf__8
INFO: [VRFC 10-311] analyzing module one_bit_puf__9
INFO: [VRFC 10-311] analyzing module puf_clk_mux
INFO: [VRFC 10-311] analyzing module puf_clkdiv
INFO: [VRFC 10-311] analyzing module CFGLUT5_UNIQ_BASE_
INFO: [VRFC 10-311] analyzing module CFGLUT5_HD117
INFO: [VRFC 10-311] analyzing module CFGLUT5_HD118
INFO: [VRFC 10-311] analyzing module CFGLUT5_HD119
INFO: [VRFC 10-311] analyzing module CFGLUT5_HD120
INFO: [VRFC 10-311] analyzing module CFGLUT5_HD121
INFO: [VRFC 10-311] analyzing module CFGLUT5_HD122
INFO: [VRFC 10-311] analyzing module CFGLUT5_HD123
INFO: [VRFC 10-311] analyzing module CFGLUT5_HD124
INFO: [VRFC 10-311] analyzing module CFGLUT5_HD125
INFO: [VRFC 10-311] analyzing module CFGLUT5_HD126
INFO: [VRFC 10-311] analyzing module CFGLUT5_HD127
INFO: [VRFC 10-311] analyzing module CFGLUT5_HD128
INFO: [VRFC 10-311] analyzing module CFGLUT5_HD129
INFO: [VRFC 10-311] analyzing module CFGLUT5_HD130
INFO: [VRFC 10-311] analyzing module CFGLUT5_HD131
INFO: [VRFC 10-311] analyzing module CFGLUT5_HD132
INFO: [VRFC 10-311] analyzing module CFGLUT5_HD133
INFO: [VRFC 10-311] analyzing module CFGLUT5_HD134
INFO: [VRFC 10-311] analyzing module CFGLUT5_HD135
INFO: [VRFC 10-311] analyzing module CFGLUT5_HD136
INFO: [VRFC 10-311] analyzing module CFGLUT5_HD137
INFO: [VRFC 10-311] analyzing module CFGLUT5_HD138
INFO: [VRFC 10-311] analyzing module CFGLUT5_HD139
INFO: [VRFC 10-311] analyzing module CFGLUT5_HD140
INFO: [VRFC 10-311] analyzing module CFGLUT5_HD141
INFO: [VRFC 10-311] analyzing module CFGLUT5_HD142
INFO: [VRFC 10-311] analyzing module CFGLUT5_HD143
INFO: [VRFC 10-311] analyzing module CFGLUT5_HD144
INFO: [VRFC 10-311] analyzing module CFGLUT5_HD145
INFO: [VRFC 10-311] analyzing module CFGLUT5_HD146
INFO: [VRFC 10-311] analyzing module CFGLUT5_HD147
INFO: [VRFC 10-311] analyzing module CFGLUT5_HD148
INFO: [VRFC 10-311] analyzing module CFGLUT5_HD149
INFO: [VRFC 10-311] analyzing module CFGLUT5_HD150
INFO: [VRFC 10-311] analyzing module CFGLUT5_HD151
INFO: [VRFC 10-311] analyzing module CFGLUT5_HD152
INFO: [VRFC 10-311] analyzing module CFGLUT5_HD153
INFO: [VRFC 10-311] analyzing module CFGLUT5_HD154
INFO: [VRFC 10-311] analyzing module CFGLUT5_HD155
INFO: [VRFC 10-311] analyzing module CFGLUT5_HD156
INFO: [VRFC 10-311] analyzing module CFGLUT5_HD157
INFO: [VRFC 10-311] analyzing module CFGLUT5_HD158
INFO: [VRFC 10-311] analyzing module CFGLUT5_HD159
INFO: [VRFC 10-311] analyzing module CFGLUT5_HD160
INFO: [VRFC 10-311] analyzing module CFGLUT5_HD161
INFO: [VRFC 10-311] analyzing module CFGLUT5_HD162
INFO: [VRFC 10-311] analyzing module CFGLUT5_HD163
INFO: [VRFC 10-311] analyzing module CFGLUT5_HD164
INFO: [VRFC 10-311] analyzing module CFGLUT5_HD165
INFO: [VRFC 10-311] analyzing module CFGLUT5_HD166
INFO: [VRFC 10-311] analyzing module CFGLUT5_HD167
INFO: [VRFC 10-311] analyzing module CFGLUT5_HD168
INFO: [VRFC 10-311] analyzing module CFGLUT5_HD169
INFO: [VRFC 10-311] analyzing module CFGLUT5_HD170
INFO: [VRFC 10-311] analyzing module CFGLUT5_HD171
INFO: [VRFC 10-311] analyzing module CFGLUT5_HD172
INFO: [VRFC 10-311] analyzing module CFGLUT5_HD173
INFO: [VRFC 10-311] analyzing module CFGLUT5_HD174
INFO: [VRFC 10-311] analyzing module CFGLUT5_HD175
INFO: [VRFC 10-311] analyzing module CFGLUT5_HD176
INFO: [VRFC 10-311] analyzing module CFGLUT5_HD177
INFO: [VRFC 10-311] analyzing module CFGLUT5_HD178
INFO: [VRFC 10-311] analyzing module CFGLUT5_HD179
INFO: [VRFC 10-311] analyzing module CFGLUT5_HD180
INFO: [VRFC 10-311] analyzing module CFGLUT5_HD181
INFO: [VRFC 10-311] analyzing module CFGLUT5_HD182
INFO: [VRFC 10-311] analyzing module CFGLUT5_HD183
INFO: [VRFC 10-311] analyzing module CFGLUT5_HD184
INFO: [VRFC 10-311] analyzing module CFGLUT5_HD185
INFO: [VRFC 10-311] analyzing module CFGLUT5_HD186
INFO: [VRFC 10-311] analyzing module CFGLUT5_HD187
INFO: [VRFC 10-311] analyzing module CFGLUT5_HD188
INFO: [VRFC 10-311] analyzing module CFGLUT5_HD189
INFO: [VRFC 10-311] analyzing module CFGLUT5_HD190
INFO: [VRFC 10-311] analyzing module CFGLUT5_HD191
INFO: [VRFC 10-311] analyzing module CFGLUT5_HD192
INFO: [VRFC 10-311] analyzing module CFGLUT5_HD193
INFO: [VRFC 10-311] analyzing module CFGLUT5_HD194
INFO: [VRFC 10-311] analyzing module CFGLUT5_HD195
INFO: [VRFC 10-311] analyzing module CFGLUT5_HD196
INFO: [VRFC 10-311] analyzing module CFGLUT5_HD197
INFO: [VRFC 10-311] analyzing module CFGLUT5_HD198
INFO: [VRFC 10-311] analyzing module CFGLUT5_HD199
INFO: [VRFC 10-311] analyzing module CFGLUT5_HD200
INFO: [VRFC 10-311] analyzing module CFGLUT5_HD201
INFO: [VRFC 10-311] analyzing module CFGLUT5_HD202
INFO: [VRFC 10-311] analyzing module CFGLUT5_HD203
INFO: [VRFC 10-311] analyzing module CFGLUT5_HD204
INFO: [VRFC 10-311] analyzing module CFGLUT5_HD205
INFO: [VRFC 10-311] analyzing module CFGLUT5_HD206
INFO: [VRFC 10-311] analyzing module CFGLUT5_HD207
INFO: [VRFC 10-311] analyzing module CFGLUT5_HD208
INFO: [VRFC 10-311] analyzing module CFGLUT5_HD209
INFO: [VRFC 10-311] analyzing module CFGLUT5_HD210
INFO: [VRFC 10-311] analyzing module CFGLUT5_HD211
INFO: [VRFC 10-311] analyzing module CFGLUT5_HD212
INFO: [VRFC 10-311] analyzing module CFGLUT5_HD213
INFO: [VRFC 10-311] analyzing module CFGLUT5_HD214
INFO: [VRFC 10-311] analyzing module CFGLUT5_HD215
INFO: [VRFC 10-311] analyzing module CFGLUT5_HD216
INFO: [VRFC 10-311] analyzing module CFGLUT5_HD217
INFO: [VRFC 10-311] analyzing module CFGLUT5_HD218
INFO: [VRFC 10-311] analyzing module CFGLUT5_HD219
INFO: [VRFC 10-311] analyzing module CFGLUT5_HD220
INFO: [VRFC 10-311] analyzing module CFGLUT5_HD221
INFO: [VRFC 10-311] analyzing module CFGLUT5_HD222
INFO: [VRFC 10-311] analyzing module CFGLUT5_HD223
INFO: [VRFC 10-311] analyzing module CFGLUT5_HD224
INFO: [VRFC 10-311] analyzing module CFGLUT5_HD225
INFO: [VRFC 10-311] analyzing module CFGLUT5_HD226
INFO: [VRFC 10-311] analyzing module CFGLUT5_HD227
INFO: [VRFC 10-311] analyzing module ila_0_ila_v6_2_14_ila
INFO: [VRFC 10-311] analyzing module ila_0_ila_v6_2_14_ila_cap_addrgen
INFO: [VRFC 10-311] analyzing module ila_0_ila_v6_2_14_ila_cap_ctrl_legacy
INFO: [VRFC 10-311] analyzing module ila_0_ila_v6_2_14_ila_cap_sample_counter
INFO: [VRFC 10-311] analyzing module ila_0_ila_v6_2_14_ila_cap_window_counter
INFO: [VRFC 10-311] analyzing module ila_0_ila_v6_2_14_ila_core
INFO: [VRFC 10-311] analyzing module ila_0_ila_v6_2_14_ila_register
INFO: [VRFC 10-311] analyzing module ila_0_ila_v6_2_14_ila_reset_ctrl
INFO: [VRFC 10-311] analyzing module ila_0_ila_v6_2_14_ila_trace_memory
INFO: [VRFC 10-311] analyzing module ila_0_ila_v6_2_14_ila_trig_match
INFO: [VRFC 10-311] analyzing module ila_0_ila_v6_2_14_ila_trigger
INFO: [VRFC 10-311] analyzing module ila_0_ltlib_v1_0_1_all_typeA
INFO: [VRFC 10-311] analyzing module ila_0_ltlib_v1_0_1_all_typeA__parameterized0
INFO: [VRFC 10-311] analyzing module ila_0_ltlib_v1_0_1_all_typeA__parameterized0_1
INFO: [VRFC 10-311] analyzing module ila_0_ltlib_v1_0_1_all_typeA__parameterized0_10
INFO: [VRFC 10-311] analyzing module ila_0_ltlib_v1_0_1_all_typeA__parameterized0_13
INFO: [VRFC 10-311] analyzing module ila_0_ltlib_v1_0_1_all_typeA__parameterized0_16
INFO: [VRFC 10-311] analyzing module ila_0_ltlib_v1_0_1_all_typeA__parameterized0_19
INFO: [VRFC 10-311] analyzing module ila_0_ltlib_v1_0_1_all_typeA__parameterized0_22
INFO: [VRFC 10-311] analyzing module ila_0_ltlib_v1_0_1_all_typeA__parameterized0_25
INFO: [VRFC 10-311] analyzing module ila_0_ltlib_v1_0_1_all_typeA__parameterized0_28
INFO: [VRFC 10-311] analyzing module ila_0_ltlib_v1_0_1_all_typeA__parameterized0_31
INFO: [VRFC 10-311] analyzing module ila_0_ltlib_v1_0_1_all_typeA__parameterized0_34
INFO: [VRFC 10-311] analyzing module ila_0_ltlib_v1_0_1_all_typeA__parameterized0_37
INFO: [VRFC 10-311] analyzing module ila_0_ltlib_v1_0_1_all_typeA__parameterized0_4
INFO: [VRFC 10-311] analyzing module ila_0_ltlib_v1_0_1_all_typeA__parameterized0_40
INFO: [VRFC 10-311] analyzing module ila_0_ltlib_v1_0_1_all_typeA__parameterized0_43
INFO: [VRFC 10-311] analyzing module ila_0_ltlib_v1_0_1_all_typeA__parameterized0_46
INFO: [VRFC 10-311] analyzing module ila_0_ltlib_v1_0_1_all_typeA__parameterized0_49
INFO: [VRFC 10-311] analyzing module ila_0_ltlib_v1_0_1_all_typeA__parameterized0_52
INFO: [VRFC 10-311] analyzing module ila_0_ltlib_v1_0_1_all_typeA__parameterized0_7
INFO: [VRFC 10-311] analyzing module ila_0_ltlib_v1_0_1_all_typeA__parameterized1
INFO: [VRFC 10-311] analyzing module ila_0_ltlib_v1_0_1_all_typeA__parameterized1_74
INFO: [VRFC 10-311] analyzing module ila_0_ltlib_v1_0_1_all_typeA__parameterized1_78
INFO: [VRFC 10-311] analyzing module ila_0_ltlib_v1_0_1_all_typeA_slice
INFO: [VRFC 10-311] analyzing module ila_0_ltlib_v1_0_1_all_typeA_slice_54
INFO: [VRFC 10-311] analyzing module ila_0_ltlib_v1_0_1_all_typeA_slice__parameterized0
INFO: [VRFC 10-311] analyzing module ila_0_ltlib_v1_0_1_all_typeA_slice__parameterized0_11
INFO: [VRFC 10-311] analyzing module ila_0_ltlib_v1_0_1_all_typeA_slice__parameterized0_14
INFO: [VRFC 10-311] analyzing module ila_0_ltlib_v1_0_1_all_typeA_slice__parameterized0_17
INFO: [VRFC 10-311] analyzing module ila_0_ltlib_v1_0_1_all_typeA_slice__parameterized0_2
INFO: [VRFC 10-311] analyzing module ila_0_ltlib_v1_0_1_all_typeA_slice__parameterized0_20
INFO: [VRFC 10-311] analyzing module ila_0_ltlib_v1_0_1_all_typeA_slice__parameterized0_23
INFO: [VRFC 10-311] analyzing module ila_0_ltlib_v1_0_1_all_typeA_slice__parameterized0_26
INFO: [VRFC 10-311] analyzing module ila_0_ltlib_v1_0_1_all_typeA_slice__parameterized0_29
INFO: [VRFC 10-311] analyzing module ila_0_ltlib_v1_0_1_all_typeA_slice__parameterized0_32
INFO: [VRFC 10-311] analyzing module ila_0_ltlib_v1_0_1_all_typeA_slice__parameterized0_35
INFO: [VRFC 10-311] analyzing module ila_0_ltlib_v1_0_1_all_typeA_slice__parameterized0_38
INFO: [VRFC 10-311] analyzing module ila_0_ltlib_v1_0_1_all_typeA_slice__parameterized0_41
INFO: [VRFC 10-311] analyzing module ila_0_ltlib_v1_0_1_all_typeA_slice__parameterized0_44
INFO: [VRFC 10-311] analyzing module ila_0_ltlib_v1_0_1_all_typeA_slice__parameterized0_47
INFO: [VRFC 10-311] analyzing module ila_0_ltlib_v1_0_1_all_typeA_slice__parameterized0_5
INFO: [VRFC 10-311] analyzing module ila_0_ltlib_v1_0_1_all_typeA_slice__parameterized0_50
INFO: [VRFC 10-311] analyzing module ila_0_ltlib_v1_0_1_all_typeA_slice__parameterized0_53
INFO: [VRFC 10-311] analyzing module ila_0_ltlib_v1_0_1_all_typeA_slice__parameterized0_55
INFO: [VRFC 10-311] analyzing module ila_0_ltlib_v1_0_1_all_typeA_slice__parameterized0_8
INFO: [VRFC 10-311] analyzing module ila_0_ltlib_v1_0_1_all_typeA_slice__parameterized1
INFO: [VRFC 10-311] analyzing module ila_0_ltlib_v1_0_1_all_typeA_slice__parameterized1_75
INFO: [VRFC 10-311] analyzing module ila_0_ltlib_v1_0_1_all_typeA_slice__parameterized1_79
INFO: [VRFC 10-311] analyzing module ila_0_ltlib_v1_0_1_all_typeA_slice__parameterized2
INFO: [VRFC 10-311] analyzing module ila_0_ltlib_v1_0_1_all_typeA_slice__parameterized2_76
INFO: [VRFC 10-311] analyzing module ila_0_ltlib_v1_0_1_all_typeA_slice__parameterized2_80
INFO: [VRFC 10-311] analyzing module ila_0_ltlib_v1_0_1_allx_typeA
INFO: [VRFC 10-311] analyzing module ila_0_ltlib_v1_0_1_allx_typeA__parameterized0
INFO: [VRFC 10-311] analyzing module ila_0_ltlib_v1_0_1_allx_typeA__parameterized0_0
INFO: [VRFC 10-311] analyzing module ila_0_ltlib_v1_0_1_allx_typeA__parameterized0_12
INFO: [VRFC 10-311] analyzing module ila_0_ltlib_v1_0_1_allx_typeA__parameterized0_15
INFO: [VRFC 10-311] analyzing module ila_0_ltlib_v1_0_1_allx_typeA__parameterized0_18
INFO: [VRFC 10-311] analyzing module ila_0_ltlib_v1_0_1_allx_typeA__parameterized0_21
INFO: [VRFC 10-311] analyzing module ila_0_ltlib_v1_0_1_allx_typeA__parameterized0_24
INFO: [VRFC 10-311] analyzing module ila_0_ltlib_v1_0_1_allx_typeA__parameterized0_27
INFO: [VRFC 10-311] analyzing module ila_0_ltlib_v1_0_1_allx_typeA__parameterized0_3
INFO: [VRFC 10-311] analyzing module ila_0_ltlib_v1_0_1_allx_typeA__parameterized0_30
INFO: [VRFC 10-311] analyzing module ila_0_ltlib_v1_0_1_allx_typeA__parameterized0_33
INFO: [VRFC 10-311] analyzing module ila_0_ltlib_v1_0_1_allx_typeA__parameterized0_36
INFO: [VRFC 10-311] analyzing module ila_0_ltlib_v1_0_1_allx_typeA__parameterized0_39
INFO: [VRFC 10-311] analyzing module ila_0_ltlib_v1_0_1_allx_typeA__parameterized0_42
INFO: [VRFC 10-311] analyzing module ila_0_ltlib_v1_0_1_allx_typeA__parameterized0_45
INFO: [VRFC 10-311] analyzing module ila_0_ltlib_v1_0_1_allx_typeA__parameterized0_48
INFO: [VRFC 10-311] analyzing module ila_0_ltlib_v1_0_1_allx_typeA__parameterized0_51
INFO: [VRFC 10-311] analyzing module ila_0_ltlib_v1_0_1_allx_typeA__parameterized0_6
INFO: [VRFC 10-311] analyzing module ila_0_ltlib_v1_0_1_allx_typeA__parameterized0_9
INFO: [VRFC 10-311] analyzing module ila_0_ltlib_v1_0_1_allx_typeA_nodelay
INFO: [VRFC 10-311] analyzing module ila_0_ltlib_v1_0_1_allx_typeA_nodelay_73
INFO: [VRFC 10-311] analyzing module ila_0_ltlib_v1_0_1_allx_typeA_nodelay_77
INFO: [VRFC 10-311] analyzing module ila_0_ltlib_v1_0_1_async_edge_xfer
INFO: [VRFC 10-311] analyzing module ila_0_ltlib_v1_0_1_async_edge_xfer__1
INFO: [VRFC 10-311] analyzing module ila_0_ltlib_v1_0_1_async_edge_xfer__2
INFO: [VRFC 10-311] analyzing module ila_0_ltlib_v1_0_1_async_edge_xfer__3
INFO: [VRFC 10-311] analyzing module ila_0_ltlib_v1_0_1_cfglut4
INFO: [VRFC 10-311] analyzing module ila_0_ltlib_v1_0_1_cfglut4__1
INFO: [VRFC 10-311] analyzing module ila_0_ltlib_v1_0_1_cfglut5
INFO: [VRFC 10-311] analyzing module ila_0_ltlib_v1_0_1_cfglut5__1
INFO: [VRFC 10-311] analyzing module ila_0_ltlib_v1_0_1_cfglut5__2
INFO: [VRFC 10-311] analyzing module ila_0_ltlib_v1_0_1_cfglut6
INFO: [VRFC 10-311] analyzing module ila_0_ltlib_v1_0_1_cfglut6__1
INFO: [VRFC 10-311] analyzing module ila_0_ltlib_v1_0_1_cfglut6__parameterized0
INFO: [VRFC 10-311] analyzing module ila_0_ltlib_v1_0_1_cfglut7
INFO: [VRFC 10-311] analyzing module ila_0_ltlib_v1_0_1_cfglut7__1
INFO: [VRFC 10-311] analyzing module ila_0_ltlib_v1_0_1_generic_memrd
INFO: [VRFC 10-311] analyzing module ila_0_ltlib_v1_0_1_match
INFO: [VRFC 10-311] analyzing module ila_0_ltlib_v1_0_1_match__parameterized0
INFO: [VRFC 10-311] analyzing module ila_0_ltlib_v1_0_1_match__parameterized0__1
INFO: [VRFC 10-311] analyzing module ila_0_ltlib_v1_0_1_match__parameterized0__10
INFO: [VRFC 10-311] analyzing module ila_0_ltlib_v1_0_1_match__parameterized0__11
INFO: [VRFC 10-311] analyzing module ila_0_ltlib_v1_0_1_match__parameterized0__12
INFO: [VRFC 10-311] analyzing module ila_0_ltlib_v1_0_1_match__parameterized0__13
INFO: [VRFC 10-311] analyzing module ila_0_ltlib_v1_0_1_match__parameterized0__14
INFO: [VRFC 10-311] analyzing module ila_0_ltlib_v1_0_1_match__parameterized0__15
INFO: [VRFC 10-311] analyzing module ila_0_ltlib_v1_0_1_match__parameterized0__16
INFO: [VRFC 10-311] analyzing module ila_0_ltlib_v1_0_1_match__parameterized0__17
INFO: [VRFC 10-311] analyzing module ila_0_ltlib_v1_0_1_match__parameterized0__18
INFO: [VRFC 10-311] analyzing module ila_0_ltlib_v1_0_1_match__parameterized0__2
INFO: [VRFC 10-311] analyzing module ila_0_ltlib_v1_0_1_match__parameterized0__3
INFO: [VRFC 10-311] analyzing module ila_0_ltlib_v1_0_1_match__parameterized0__4
INFO: [VRFC 10-311] analyzing module ila_0_ltlib_v1_0_1_match__parameterized0__5
INFO: [VRFC 10-311] analyzing module ila_0_ltlib_v1_0_1_match__parameterized0__6
INFO: [VRFC 10-311] analyzing module ila_0_ltlib_v1_0_1_match__parameterized0__7
INFO: [VRFC 10-311] analyzing module ila_0_ltlib_v1_0_1_match__parameterized0__8
INFO: [VRFC 10-311] analyzing module ila_0_ltlib_v1_0_1_match__parameterized0__9
INFO: [VRFC 10-311] analyzing module ila_0_ltlib_v1_0_1_match_nodelay
INFO: [VRFC 10-311] analyzing module ila_0_ltlib_v1_0_1_match_nodelay__1
INFO: [VRFC 10-311] analyzing module ila_0_ltlib_v1_0_1_match_nodelay__2
INFO: [VRFC 10-311] analyzing module ila_0_ltlib_v1_0_1_rising_edge_detection
INFO: [VRFC 10-311] analyzing module ila_0_ltlib_v1_0_1_rising_edge_detection__1
INFO: [VRFC 10-311] analyzing module ila_0_xsdbs_v1_0_3_reg__parameterized47
INFO: [VRFC 10-311] analyzing module ila_0_xsdbs_v1_0_3_reg__parameterized48
INFO: [VRFC 10-311] analyzing module ila_0_xsdbs_v1_0_3_reg__parameterized49
INFO: [VRFC 10-311] analyzing module ila_0_xsdbs_v1_0_3_reg__parameterized50
INFO: [VRFC 10-311] analyzing module ila_0_xsdbs_v1_0_3_reg__parameterized62
INFO: [VRFC 10-311] analyzing module ila_0_xsdbs_v1_0_3_reg__parameterized63
INFO: [VRFC 10-311] analyzing module ila_0_xsdbs_v1_0_3_reg__parameterized64
INFO: [VRFC 10-311] analyzing module ila_0_xsdbs_v1_0_3_reg__parameterized65
INFO: [VRFC 10-311] analyzing module ila_0_xsdbs_v1_0_3_reg__parameterized66
INFO: [VRFC 10-311] analyzing module ila_0_xsdbs_v1_0_3_reg__parameterized67
INFO: [VRFC 10-311] analyzing module ila_0_xsdbs_v1_0_3_reg__parameterized68
INFO: [VRFC 10-311] analyzing module ila_0_xsdbs_v1_0_3_reg__parameterized69
INFO: [VRFC 10-311] analyzing module ila_0_xsdbs_v1_0_3_reg__parameterized70
INFO: [VRFC 10-311] analyzing module ila_0_xsdbs_v1_0_3_reg__parameterized71
INFO: [VRFC 10-311] analyzing module ila_0_xsdbs_v1_0_3_reg__parameterized72
INFO: [VRFC 10-311] analyzing module ila_0_xsdbs_v1_0_3_reg__parameterized73
INFO: [VRFC 10-311] analyzing module ila_0_xsdbs_v1_0_3_reg__parameterized75
INFO: [VRFC 10-311] analyzing module ila_0_xsdbs_v1_0_3_reg__parameterized77
INFO: [VRFC 10-311] analyzing module ila_0_xsdbs_v1_0_3_reg__parameterized80
INFO: [VRFC 10-311] analyzing module ila_0_xsdbs_v1_0_3_reg_ctl
INFO: [VRFC 10-311] analyzing module ila_0_xsdbs_v1_0_3_reg_ctl_59
INFO: [VRFC 10-311] analyzing module ila_0_xsdbs_v1_0_3_reg_ctl_60
INFO: [VRFC 10-311] analyzing module ila_0_xsdbs_v1_0_3_reg_ctl_61
INFO: [VRFC 10-311] analyzing module ila_0_xsdbs_v1_0_3_reg_ctl_62
INFO: [VRFC 10-311] analyzing module ila_0_xsdbs_v1_0_3_reg_ctl_65
INFO: [VRFC 10-311] analyzing module ila_0_xsdbs_v1_0_3_reg_ctl_66
INFO: [VRFC 10-311] analyzing module ila_0_xsdbs_v1_0_3_reg_ctl_67
INFO: [VRFC 10-311] analyzing module ila_0_xsdbs_v1_0_3_reg_ctl_68
INFO: [VRFC 10-311] analyzing module ila_0_xsdbs_v1_0_3_reg_ctl_69
INFO: [VRFC 10-311] analyzing module ila_0_xsdbs_v1_0_3_reg_ctl_72
INFO: [VRFC 10-311] analyzing module ila_0_xsdbs_v1_0_3_reg_ctl__parameterized0
INFO: [VRFC 10-311] analyzing module ila_0_xsdbs_v1_0_3_reg_ctl__parameterized1
INFO: [VRFC 10-311] analyzing module ila_0_xsdbs_v1_0_3_reg_ctl__parameterized1_63
INFO: [VRFC 10-311] analyzing module ila_0_xsdbs_v1_0_3_reg_ctl__parameterized1_64
INFO: [VRFC 10-311] analyzing module ila_0_xsdbs_v1_0_3_reg_p2s
INFO: [VRFC 10-311] analyzing module ila_0_xsdbs_v1_0_3_reg_p2s__parameterized0
INFO: [VRFC 10-311] analyzing module ila_0_xsdbs_v1_0_3_reg_p2s__parameterized1
INFO: [VRFC 10-311] analyzing module ila_0_xsdbs_v1_0_3_reg_p2s__parameterized10
INFO: [VRFC 10-311] analyzing module ila_0_xsdbs_v1_0_3_reg_p2s__parameterized11
INFO: [VRFC 10-311] analyzing module ila_0_xsdbs_v1_0_3_reg_p2s__parameterized12
INFO: [VRFC 10-311] analyzing module ila_0_xsdbs_v1_0_3_reg_p2s__parameterized13
INFO: [VRFC 10-311] analyzing module ila_0_xsdbs_v1_0_3_reg_p2s__parameterized14
INFO: [VRFC 10-311] analyzing module ila_0_xsdbs_v1_0_3_reg_p2s__parameterized15
INFO: [VRFC 10-311] analyzing module ila_0_xsdbs_v1_0_3_reg_p2s__parameterized16
INFO: [VRFC 10-311] analyzing module ila_0_xsdbs_v1_0_3_reg_p2s__parameterized17
INFO: [VRFC 10-311] analyzing module ila_0_xsdbs_v1_0_3_reg_p2s__parameterized18
INFO: [VRFC 10-311] analyzing module ila_0_xsdbs_v1_0_3_reg_p2s__parameterized19
INFO: [VRFC 10-311] analyzing module ila_0_xsdbs_v1_0_3_reg_p2s__parameterized2
INFO: [VRFC 10-311] analyzing module ila_0_xsdbs_v1_0_3_reg_p2s__parameterized3
INFO: [VRFC 10-311] analyzing module ila_0_xsdbs_v1_0_3_reg_p2s__parameterized4
INFO: [VRFC 10-311] analyzing module ila_0_xsdbs_v1_0_3_reg_p2s__parameterized5
INFO: [VRFC 10-311] analyzing module ila_0_xsdbs_v1_0_3_reg_p2s__parameterized6
INFO: [VRFC 10-311] analyzing module ila_0_xsdbs_v1_0_3_reg_p2s__parameterized7
INFO: [VRFC 10-311] analyzing module ila_0_xsdbs_v1_0_3_reg_p2s__parameterized8
INFO: [VRFC 10-311] analyzing module ila_0_xsdbs_v1_0_3_reg_p2s__parameterized9
INFO: [VRFC 10-311] analyzing module ila_0_xsdbs_v1_0_3_reg_stat
INFO: [VRFC 10-311] analyzing module ila_0_xsdbs_v1_0_3_reg_stat_56
INFO: [VRFC 10-311] analyzing module ila_0_xsdbs_v1_0_3_reg_stat_57
INFO: [VRFC 10-311] analyzing module ila_0_xsdbs_v1_0_3_reg_stat_58
INFO: [VRFC 10-311] analyzing module ila_0_xsdbs_v1_0_3_reg_stat_70
INFO: [VRFC 10-311] analyzing module ila_0_xsdbs_v1_0_3_reg_stat_71
INFO: [VRFC 10-311] analyzing module ila_0_xsdbs_v1_0_3_reg_stream
INFO: [VRFC 10-311] analyzing module ila_0_xsdbs_v1_0_3_reg_stream__parameterized0
INFO: [VRFC 10-311] analyzing module ila_0_xsdbs_v1_0_3_xsdbs
INFO: [VRFC 10-311] analyzing module ila_0_blk_mem_gen_v8_4_7
INFO: [VRFC 10-311] analyzing module ila_0_blk_mem_gen_v8_4_7_blk_mem_gen_generic_cstr
INFO: [VRFC 10-311] analyzing module ila_0_blk_mem_gen_v8_4_7_blk_mem_gen_prim_width
INFO: [VRFC 10-311] analyzing module ila_0_blk_mem_gen_v8_4_7_blk_mem_gen_prim_wrapper
INFO: [VRFC 10-311] analyzing module ila_0_blk_mem_gen_v8_4_7_blk_mem_gen_top
INFO: [VRFC 10-311] analyzing module ila_0_blk_mem_gen_v8_4_7_synth
INFO: [VRFC 10-311] analyzing module glbl
INFO: [VRFC 10-2263] Analyzing Verilog file "H:/PUF/PUF_manualPR/PUF_manualPR.srcs/sources_1/new/pufs_nx4.v" into library xil_defaultlib
INFO: [VRFC 10-311] analyzing module pufs_nx4
