
*** Running vivado
    with args -log four_bit_puf.vdi -applog -m64 -product Vivado -messageDb vivado.pb -mode batch -source four_bit_puf.tcl -notrace



****** Vivado v2023.2 (64-bit)
  **** SW Build 4029153 on Fri Oct 13 20:14:34 MDT 2023
  **** IP Build 4028589 on Sat Oct 14 00:45:43 MDT 2023
  **** SharedData Build 4025554 on Tue Oct 10 17:18:54 MDT 2023
    ** Copyright 1986-2022 Xilinx, Inc. All Rights Reserved.
    ** Copyright 2022-2023 Advanced Micro Devices, Inc. All Rights Reserved.

source four_bit_puf.tcl -notrace
WARNING: [Common 17-1361] You have specified a new message control rule that is equivalent to an existing rule with attributes ' -id {17-179}  -suppress '. The existing rule will be replaced.
WARNING: [Common 17-1361] You have specified a new message control rule that is equivalent to an existing rule with attributes ' -id {17-179}  -suppress '. The existing rule will be replaced.
WARNING: [Common 17-1361] You have specified a new message control rule that is equivalent to an existing rule with attributes ' -id {17-179}  -suppress '. The existing rule will be replaced.
create_project: Time (s): cpu = 00:00:05 ; elapsed = 00:00:07 . Memory (MB): peak = 553.410 ; gain = 178.965
Command: link_design -top four_bit_puf -part xc7a100tcsg324-1
Design is defaulting to srcset: sources_1
Design is defaulting to constrset: constrs_1
INFO: [Device 21-403] Loading part xc7a100tcsg324-1
INFO: [Project 1-454] Reading design checkpoint 'h:/PUF/PUF_manualPR/PUF_manualPR.gen/sources_1/ip/ila_0_1/ila_0.dcp' for cell 'your_instance_name'
Netlist sorting complete. Time (s): cpu = 00:00:00 ; elapsed = 00:00:00.028 . Memory (MB): peak = 1033.770 ; gain = 0.000
INFO: [Netlist 29-17] Analyzing 167 Unisim elements for replacement
INFO: [Netlist 29-28] Unisim Transformation completed in 0 CPU seconds
INFO: [Project 1-479] Netlist was created with Vivado 2023.2
INFO: [Project 1-570] Preparing netlist for logic optimization
INFO: [Chipscope 16-324] Core: your_instance_name UUID: c43761e0-c036-5039-8c69-07a263a83e64 
Parsing XDC File [h:/PUF/PUF_manualPR/PUF_manualPR.gen/sources_1/ip/ila_0_1/ila_v6_2/constraints/ila_impl.xdc] for cell 'your_instance_name/inst'
Finished Parsing XDC File [h:/PUF/PUF_manualPR/PUF_manualPR.gen/sources_1/ip/ila_0_1/ila_v6_2/constraints/ila_impl.xdc] for cell 'your_instance_name/inst'
Parsing XDC File [h:/PUF/PUF_manualPR/PUF_manualPR.gen/sources_1/ip/ila_0_1/ila_v6_2/constraints/ila.xdc] for cell 'your_instance_name/inst'
Finished Parsing XDC File [h:/PUF/PUF_manualPR/PUF_manualPR.gen/sources_1/ip/ila_0_1/ila_v6_2/constraints/ila.xdc] for cell 'your_instance_name/inst'
Parsing XDC File [H:/PUF/PUF_manualPR/PUF_manualPR.srcs/constrs_5/imports/PUF_manualPR/Nx_dd_puf06.xdc]
WARNING: [Vivado 12-507] No nets matched 'clk_IBUF_BUFG'. [H:/PUF/PUF_manualPR/PUF_manualPR.srcs/constrs_5/imports/PUF_manualPR/Nx_dd_puf06.xdc:12953]
CRITICAL WARNING: [Common 17-162] Invalid option value specified for '-nets'. [H:/PUF/PUF_manualPR/PUF_manualPR.srcs/constrs_5/imports/PUF_manualPR/Nx_dd_puf06.xdc:12953]
Finished Parsing XDC File [H:/PUF/PUF_manualPR/PUF_manualPR.srcs/constrs_5/imports/PUF_manualPR/Nx_dd_puf06.xdc]
INFO: [Opt 31-138] Pushed 0 inverter(s) to 0 load pin(s).
Netlist sorting complete. Time (s): cpu = 00:00:00 ; elapsed = 00:00:00.001 . Memory (MB): peak = 1188.781 ; gain = 0.000
INFO: [Project 1-111] Unisim Transformation Summary:
  A total of 112 instances were transformed.
  CFGLUT5 => CFGLUT5 (SRL16E, SRLC32E): 112 instances

The system cannot find the path specified.
9 Infos, 4 Warnings, 1 Critical Warnings and 0 Errors encountered.
link_design completed successfully
link_design: Time (s): cpu = 00:00:08 ; elapsed = 00:00:23 . Memory (MB): peak = 1188.781 ; gain = 590.770
Command: opt_design
Attempting to get a license for feature 'Implementation' and/or device 'xc7a100t'
INFO: [Common 17-349] Got license for feature 'Implementation' and/or device 'xc7a100t'
Running DRC as a precondition to command opt_design

Starting DRC Task
INFO: [DRC 23-27] Running DRC with 2 threads
INFO: [Project 1-461] DRC finished with 0 Errors
INFO: [Project 1-462] Please refer to the DRC report (report_drc) for more information.

Time (s): cpu = 00:00:01 ; elapsed = 00:00:01 . Memory (MB): peak = 1207.762 ; gain = 18.980

Starting Cache Timing Information Task
INFO: [Timing 38-35] Done setting XDC timing constraints.
Ending Cache Timing Information Task | Checksum: 2158626f9

Time (s): cpu = 00:00:07 ; elapsed = 00:00:07 . Memory (MB): peak = 1766.320 ; gain = 558.559

Starting Logic Optimization Task

Phase 1 Initialization

Phase 1.1 Core Generation And Design Setup

Phase 1.1.1 Generate And Synthesize Debug Cores
INFO: [Chipscope 16-329] Generating Script for core instance : dbg_hub 
INFO: [IP_Flow 19-3806] Processing IP xilinx.com:ip:xsdbm:3.0 for cell dbg_hub_CV.
INFO: [Chipscope 16-469] Using cached IP synthesis design for IP xilinx.com:ip:xsdbm:3.0, cache-ID = 91a6a9227b5146bd.
Done building netlist checker database: Time (s): cpu = 00:00:00 ; elapsed = 00:00:00.002 . Memory (MB): peak = 2156.480 ; gain = 0.000
Netlist sorting complete. Time (s): cpu = 00:00:00 ; elapsed = 00:00:00.016 . Memory (MB): peak = 2156.480 ; gain = 0.000
Phase 1.1.1 Generate And Synthesize Debug Cores | Checksum: 21d10c94e

Time (s): cpu = 00:00:01 ; elapsed = 00:00:33 . Memory (MB): peak = 2156.480 ; gain = 19.797
Phase 1.1 Core Generation And Design Setup | Checksum: 21d10c94e

Time (s): cpu = 00:00:01 ; elapsed = 00:00:33 . Memory (MB): peak = 2156.480 ; gain = 19.797

Phase 1.2 Setup Constraints And Sort Netlist
Phase 1.2 Setup Constraints And Sort Netlist | Checksum: 21d10c94e

Time (s): cpu = 00:00:01 ; elapsed = 00:00:33 . Memory (MB): peak = 2156.480 ; gain = 19.797
Phase 1 Initialization | Checksum: 21d10c94e

Time (s): cpu = 00:00:01 ; elapsed = 00:00:33 . Memory (MB): peak = 2156.480 ; gain = 19.797

Phase 2 Timer Update And Timing Data Collection

Phase 2.1 Timer Update
Phase 2.1 Timer Update | Checksum: 21d10c94e

Time (s): cpu = 00:00:01 ; elapsed = 00:00:33 . Memory (MB): peak = 2156.480 ; gain = 19.797

Phase 2.2 Timing Data Collection
Phase 2.2 Timing Data Collection | Checksum: 21d10c94e

Time (s): cpu = 00:00:01 ; elapsed = 00:00:33 . Memory (MB): peak = 2156.480 ; gain = 19.797
Phase 2 Timer Update And Timing Data Collection | Checksum: 21d10c94e

Time (s): cpu = 00:00:01 ; elapsed = 00:00:33 . Memory (MB): peak = 2156.480 ; gain = 19.797

Phase 3 Retarget
INFO: [Opt 31-138] Pushed 1 inverter(s) to 1 load pin(s).
INFO: [Opt 31-49] Retargeted 0 cell(s).
Phase 3 Retarget | Checksum: 213ceb2c4

Time (s): cpu = 00:00:01 ; elapsed = 00:00:33 . Memory (MB): peak = 2156.480 ; gain = 19.797
Retarget | Checksum: 213ceb2c4
INFO: [Opt 31-389] Phase Retarget created 6 cells and removed 45 cells
INFO: [Opt 31-1021] In phase Retarget, 68 netlist objects are constrained preventing optimization. Please run opt_design with -debug_log to get more detail. 

Phase 4 Constant propagation
INFO: [Opt 31-138] Pushed 0 inverter(s) to 0 load pin(s).
Phase 4 Constant propagation | Checksum: 19e79293c

Time (s): cpu = 00:00:01 ; elapsed = 00:00:33 . Memory (MB): peak = 2156.480 ; gain = 19.797
Constant propagation | Checksum: 19e79293c
INFO: [Opt 31-389] Phase Constant propagation created 0 cells and removed 16 cells
INFO: [Opt 31-1021] In phase Constant propagation, 49 netlist objects are constrained preventing optimization. Please run opt_design with -debug_log to get more detail. 

Phase 5 Sweep
INFO: [Opt 31-120] Instance puf_loop[31].puf_inst (one_bit_puf) has been optimized to an empty box cell during sweep but it has constraints that prevent its removal. Empty box cells do not impact the implementation flow but they have no functional relevance.
Resolution: If this is not expected, please check for DONT_TOUCH properties or timing constraint set on the empty box cell or on nets connected to the cell. If found, remove the relevant DONT_TOUCH property or timing constraint and re-run opt_design.
INFO: [Opt 31-120] Instance puf_loop[30].puf_inst (one_bit_puf__31) has been optimized to an empty box cell during sweep but it has constraints that prevent its removal. Empty box cells do not impact the implementation flow but they have no functional relevance.
Resolution: If this is not expected, please check for DONT_TOUCH properties or timing constraint set on the empty box cell or on nets connected to the cell. If found, remove the relevant DONT_TOUCH property or timing constraint and re-run opt_design.
INFO: [Opt 31-120] Instance puf_loop[29].puf_inst (one_bit_puf__30) has been optimized to an empty box cell during sweep but it has constraints that prevent its removal. Empty box cells do not impact the implementation flow but they have no functional relevance.
Resolution: If this is not expected, please check for DONT_TOUCH properties or timing constraint set on the empty box cell or on nets connected to the cell. If found, remove the relevant DONT_TOUCH property or timing constraint and re-run opt_design.
INFO: [Opt 31-120] Instance puf_loop[28].puf_inst (one_bit_puf__29) has been optimized to an empty box cell during sweep but it has constraints that prevent its removal. Empty box cells do not impact the implementation flow but they have no functional relevance.
Resolution: If this is not expected, please check for DONT_TOUCH properties or timing constraint set on the empty box cell or on nets connected to the cell. If found, remove the relevant DONT_TOUCH property or timing constraint and re-run opt_design.
INFO: [Opt 31-120] Instance puf_loop[27].puf_inst (one_bit_puf__28) has been optimized to an empty box cell during sweep but it has constraints that prevent its removal. Empty box cells do not impact the implementation flow but they have no functional relevance.
Resolution: If this is not expected, please check for DONT_TOUCH properties or timing constraint set on the empty box cell or on nets connected to the cell. If found, remove the relevant DONT_TOUCH property or timing constraint and re-run opt_design.
INFO: [Opt 31-120] Instance puf_loop[26].puf_inst (one_bit_puf__27) has been optimized to an empty box cell during sweep but it has constraints that prevent its removal. Empty box cells do not impact the implementation flow but they have no functional relevance.
Resolution: If this is not expected, please check for DONT_TOUCH properties or timing constraint set on the empty box cell or on nets connected to the cell. If found, remove the relevant DONT_TOUCH property or timing constraint and re-run opt_design.
INFO: [Opt 31-120] Instance puf_loop[25].puf_inst (one_bit_puf__26) has been optimized to an empty box cell during sweep but it has constraints that prevent its removal. Empty box cells do not impact the implementation flow but they have no functional relevance.
Resolution: If this is not expected, please check for DONT_TOUCH properties or timing constraint set on the empty box cell or on nets connected to the cell. If found, remove the relevant DONT_TOUCH property or timing constraint and re-run opt_design.
INFO: [Opt 31-120] Instance puf_loop[24].puf_inst (one_bit_puf__25) has been optimized to an empty box cell during sweep but it has constraints that prevent its removal. Empty box cells do not impact the implementation flow but they have no functional relevance.
Resolution: If this is not expected, please check for DONT_TOUCH properties or timing constraint set on the empty box cell or on nets connected to the cell. If found, remove the relevant DONT_TOUCH property or timing constraint and re-run opt_design.
INFO: [Opt 31-120] Instance puf_loop[23].puf_inst (one_bit_puf__24) has been optimized to an empty box cell during sweep but it has constraints that prevent its removal. Empty box cells do not impact the implementation flow but they have no functional relevance.
Resolution: If this is not expected, please check for DONT_TOUCH properties or timing constraint set on the empty box cell or on nets connected to the cell. If found, remove the relevant DONT_TOUCH property or timing constraint and re-run opt_design.
INFO: [Opt 31-120] Instance puf_loop[22].puf_inst (one_bit_puf__23) has been optimized to an empty box cell during sweep but it has constraints that prevent its removal. Empty box cells do not impact the implementation flow but they have no functional relevance.
Resolution: If this is not expected, please check for DONT_TOUCH properties or timing constraint set on the empty box cell or on nets connected to the cell. If found, remove the relevant DONT_TOUCH property or timing constraint and re-run opt_design.
INFO: [Opt 31-120] Instance puf_loop[21].puf_inst (one_bit_puf__22) has been optimized to an empty box cell during sweep but it has constraints that prevent its removal. Empty box cells do not impact the implementation flow but they have no functional relevance.
Resolution: If this is not expected, please check for DONT_TOUCH properties or timing constraint set on the empty box cell or on nets connected to the cell. If found, remove the relevant DONT_TOUCH property or timing constraint and re-run opt_design.
INFO: [Opt 31-120] Instance puf_loop[20].puf_inst (one_bit_puf__21) has been optimized to an empty box cell during sweep but it has constraints that prevent its removal. Empty box cells do not impact the implementation flow but they have no functional relevance.
Resolution: If this is not expected, please check for DONT_TOUCH properties or timing constraint set on the empty box cell or on nets connected to the cell. If found, remove the relevant DONT_TOUCH property or timing constraint and re-run opt_design.
INFO: [Opt 31-120] Instance puf_loop[19].puf_inst (one_bit_puf__20) has been optimized to an empty box cell during sweep but it has constraints that prevent its removal. Empty box cells do not impact the implementation flow but they have no functional relevance.
Resolution: If this is not expected, please check for DONT_TOUCH properties or timing constraint set on the empty box cell or on nets connected to the cell. If found, remove the relevant DONT_TOUCH property or timing constraint and re-run opt_design.
INFO: [Opt 31-120] Instance puf_loop[18].puf_inst (one_bit_puf__19) has been optimized to an empty box cell during sweep but it has constraints that prevent its removal. Empty box cells do not impact the implementation flow but they have no functional relevance.
Resolution: If this is not expected, please check for DONT_TOUCH properties or timing constraint set on the empty box cell or on nets connected to the cell. If found, remove the relevant DONT_TOUCH property or timing constraint and re-run opt_design.
INFO: [Opt 31-120] Instance puf_loop[17].puf_inst (one_bit_puf__18) has been optimized to an empty box cell during sweep but it has constraints that prevent its removal. Empty box cells do not impact the implementation flow but they have no functional relevance.
Resolution: If this is not expected, please check for DONT_TOUCH properties or timing constraint set on the empty box cell or on nets connected to the cell. If found, remove the relevant DONT_TOUCH property or timing constraint and re-run opt_design.
INFO: [Opt 31-120] Instance puf_loop[16].puf_inst (one_bit_puf__17) has been optimized to an empty box cell during sweep but it has constraints that prevent its removal. Empty box cells do not impact the implementation flow but they have no functional relevance.
Resolution: If this is not expected, please check for DONT_TOUCH properties or timing constraint set on the empty box cell or on nets connected to the cell. If found, remove the relevant DONT_TOUCH property or timing constraint and re-run opt_design.
Phase 5 Sweep | Checksum: 1a2e15ce0

Time (s): cpu = 00:00:01 ; elapsed = 00:00:33 . Memory (MB): peak = 2156.480 ; gain = 19.797
Sweep | Checksum: 1a2e15ce0
INFO: [Opt 31-389] Phase Sweep created 0 cells and removed 142 cells
INFO: [Opt 31-1021] In phase Sweep, 892 netlist objects are constrained preventing optimization. Please run opt_design with -debug_log to get more detail. 

Phase 6 BUFG optimization
INFO: [Opt 31-194] Inserted BUFG clk_IBUF_BUFG_inst to drive 2404 load(s) on clock net clk_IBUF_BUFG
INFO: [Opt 31-193] Inserted 1 BUFG(s) on clock nets
Phase 6 BUFG optimization | Checksum: 19e3ab486

Time (s): cpu = 00:00:01 ; elapsed = 00:00:33 . Memory (MB): peak = 2156.480 ; gain = 19.797
BUFG optimization | Checksum: 19e3ab486
INFO: [Opt 31-662] Phase BUFG optimization created 1 cells of which 1 are BUFGs and removed 0 cells.
INFO: [Opt 31-1021] In phase BUFG optimization, 1 netlist objects are constrained preventing optimization. Please run opt_design with -debug_log to get more detail. 

Phase 7 Shift Register Optimization
WARNING: [Opt 31-1131] Can not pull register out from your_instance_name/inst/ila_core_inst/u_ila_cap_ctrl/U_CDONE/I_YESLUT6.U_SRL32_A due to none static srl address bits
WARNING: [Opt 31-1131] Can not pull register out from your_instance_name/inst/ila_core_inst/u_ila_cap_ctrl/U_CDONE/I_YESLUT6.U_SRL32_B due to none static srl address bits
WARNING: [Opt 31-1131] Can not pull register out from your_instance_name/inst/ila_core_inst/u_ila_cap_ctrl/U_NS0/I_YESLUT6.U_SRL32_A due to none static srl address bits
WARNING: [Opt 31-1131] Can not pull register out from your_instance_name/inst/ila_core_inst/u_ila_cap_ctrl/U_NS0/I_YESLUT6.U_SRL32_B due to none static srl address bits
WARNING: [Opt 31-1131] Can not pull register out from your_instance_name/inst/ila_core_inst/u_ila_cap_ctrl/U_NS0/I_YESLUT6.U_SRL32_C due to none static srl address bits
WARNING: [Opt 31-1131] Can not pull register out from your_instance_name/inst/ila_core_inst/u_ila_cap_ctrl/U_NS0/I_YESLUT6.U_SRL32_D due to none static srl address bits
WARNING: [Opt 31-1131] Can not pull register out from your_instance_name/inst/ila_core_inst/u_ila_cap_ctrl/U_NS1/I_YESLUT6.U_SRL32_A due to none static srl address bits
WARNING: [Opt 31-1131] Can not pull register out from your_instance_name/inst/ila_core_inst/u_ila_cap_ctrl/U_NS1/I_YESLUT6.U_SRL32_B due to none static srl address bits
WARNING: [Opt 31-1131] Can not pull register out from your_instance_name/inst/ila_core_inst/u_ila_cap_ctrl/U_NS1/I_YESLUT6.U_SRL32_C due to none static srl address bits
WARNING: [Opt 31-1131] Can not pull register out from your_instance_name/inst/ila_core_inst/u_ila_cap_ctrl/U_NS1/I_YESLUT6.U_SRL32_D due to none static srl address bits
WARNING: [Opt 31-1131] Can not pull register out from your_instance_name/inst/ila_core_inst/u_ila_cap_ctrl/u_cap_addrgen/U_CMPRESET/I_YESLUT6.U_SRL32_A due to none static srl address bits
WARNING: [Opt 31-1131] Can not pull register out from your_instance_name/inst/ila_core_inst/u_ila_cap_ctrl/u_cap_addrgen/U_CMPRESET/I_YESLUT6.U_SRL32_B due to none static srl address bits
WARNING: [Opt 31-1131] Can not pull register out from your_instance_name/inst/ila_core_inst/u_ila_cap_ctrl/u_cap_addrgen/u_cap_window_counter/U_WCE/I_YESLUT6.U_SRLC16E due to none static srl address bits
WARNING: [Opt 31-1131] Can not pull register out from your_instance_name/inst/ila_core_inst/u_ila_cap_ctrl/u_cap_addrgen/u_cap_window_counter/U_WHCMPCE/I_YESLUT6.U_SRL32 due to none static srl address bits
WARNING: [Opt 31-1131] Can not pull register out from your_instance_name/inst/ila_core_inst/u_ila_cap_ctrl/u_cap_addrgen/u_cap_window_counter/U_WLCMPCE/I_YESLUT6.U_SRL32 due to none static srl address bits
WARNING: [Opt 31-1131] Can not pull register out from your_instance_name/inst/ila_core_inst/u_ila_cap_ctrl/u_cap_addrgen/u_cap_sample_counter/U_SCE/I_YESLUT6.U_SRLC16E due to none static srl address bits
WARNING: [Opt 31-1131] Can not pull register out from your_instance_name/inst/ila_core_inst/u_ila_cap_ctrl/u_cap_addrgen/u_cap_sample_counter/U_SCMPCE/I_YESLUT6.U_SRL32 due to none static srl address bits
WARNING: [Opt 31-1131] Can not pull register out from your_instance_name/inst/ila_core_inst/u_ila_cap_ctrl/u_cap_addrgen/u_cap_sample_counter/U_SCRST/I_YESLUT6.U_SRL32_A due to none static srl address bits
WARNING: [Opt 31-1131] Can not pull register out from your_instance_name/inst/ila_core_inst/u_ila_cap_ctrl/u_cap_addrgen/u_cap_sample_counter/U_SCRST/I_YESLUT6.U_SRL32_B due to none static srl address bits
INFO: [Opt 31-1064] SRL Remap converted 0 SRLs to 0 registers and converted 0 registers of register chains to 0 SRLs
Phase 7 Shift Register Optimization | Checksum: 19e3ab486

Time (s): cpu = 00:00:01 ; elapsed = 00:00:33 . Memory (MB): peak = 2156.480 ; gain = 19.797
Shift Register Optimization | Checksum: 19e3ab486
INFO: [Opt 31-389] Phase Shift Register Optimization created 0 cells and removed 0 cells

Phase 8 Post Processing Netlist
Phase 8 Post Processing Netlist | Checksum: 19e3ab486

Time (s): cpu = 00:00:01 ; elapsed = 00:00:33 . Memory (MB): peak = 2156.480 ; gain = 19.797
Post Processing Netlist | Checksum: 19e3ab486
INFO: [Opt 31-389] Phase Post Processing Netlist created 0 cells and removed 0 cells
INFO: [Opt 31-1021] In phase Post Processing Netlist, 57 netlist objects are constrained preventing optimization. Please run opt_design with -debug_log to get more detail. 

Phase 9 Finalization

Phase 9.1 Finalizing Design Cores and Updating Shapes
Phase 9.1 Finalizing Design Cores and Updating Shapes | Checksum: 1849c3ad4

Time (s): cpu = 00:00:02 ; elapsed = 00:00:33 . Memory (MB): peak = 2156.480 ; gain = 19.797

Phase 9.2 Verifying Netlist Connectivity

Starting Connectivity Check Task

Time (s): cpu = 00:00:00 ; elapsed = 00:00:00.007 . Memory (MB): peak = 2156.480 ; gain = 0.000
Phase 9.2 Verifying Netlist Connectivity | Checksum: 1849c3ad4

Time (s): cpu = 00:00:02 ; elapsed = 00:00:33 . Memory (MB): peak = 2156.480 ; gain = 19.797
Phase 9 Finalization | Checksum: 1849c3ad4

Time (s): cpu = 00:00:02 ; elapsed = 00:00:33 . Memory (MB): peak = 2156.480 ; gain = 19.797
Opt_design Change Summary
=========================


-------------------------------------------------------------------------------------------------------------------------
|  Phase                        |  #Cells created  |  #Cells Removed  |  #Constrained objects preventing optimizations  |
-------------------------------------------------------------------------------------------------------------------------
|  Retarget                     |               6  |              45  |                                             68  |
|  Constant propagation         |               0  |              16  |                                             49  |
|  Sweep                        |               0  |             142  |                                            892  |
|  BUFG optimization            |               1  |               0  |                                              1  |
|  Shift Register Optimization  |               0  |               0  |                                              0  |
|  Post Processing Netlist      |               0  |               0  |                                             57  |
-------------------------------------------------------------------------------------------------------------------------


Ending Logic Optimization Task | Checksum: 1849c3ad4

Time (s): cpu = 00:00:02 ; elapsed = 00:00:33 . Memory (MB): peak = 2156.480 ; gain = 19.797
INFO: [Constraints 18-11670] Building netlist checker database with flags, 0x8
Done building netlist checker database: Time (s): cpu = 00:00:00 ; elapsed = 00:00:00.001 . Memory (MB): peak = 2156.480 ; gain = 0.000

Starting Power Optimization Task
INFO: [Pwropt 34-132] Skipping clock gating for clocks with a period < 2.00 ns.
INFO: [Pwropt 34-9] Applying IDT optimizations ...
INFO: [Pwropt 34-10] Applying ODC optimizations ...
INFO: [Timing 38-35] Done setting XDC timing constraints.
Running Vector-less Activity Propagation...

Finished Running Vector-less Activity Propagation


Starting PowerOpt Patch Enables Task
INFO: [Pwropt 34-162] WRITE_MODE attribute of 0 BRAM(s) out of a total of 1 has been updated to save power. Run report_power_opt to get a complete listing of the BRAMs updated.
INFO: [Pwropt 34-201] Structural ODC has moved 0 WE to EN ports
Number of BRAM Ports augmented: 1 newly gated: 0 Total Ports: 2
Ending PowerOpt Patch Enables Task | Checksum: 1627c55f8

Time (s): cpu = 00:00:00 ; elapsed = 00:00:00.024 . Memory (MB): peak = 2226.645 ; gain = 0.000
Ending Power Optimization Task | Checksum: 1627c55f8

Time (s): cpu = 00:00:01 ; elapsed = 00:00:01 . Memory (MB): peak = 2226.645 ; gain = 70.164

Starting Final Cleanup Task
Ending Final Cleanup Task | Checksum: 1627c55f8

Time (s): cpu = 00:00:00 ; elapsed = 00:00:00.003 . Memory (MB): peak = 2226.645 ; gain = 0.000

Starting Netlist Obfuscation Task
Netlist sorting complete. Time (s): cpu = 00:00:00 ; elapsed = 00:00:00.003 . Memory (MB): peak = 2226.645 ; gain = 0.000
Ending Netlist Obfuscation Task | Checksum: 1a8a5b2fd

Time (s): cpu = 00:00:00 ; elapsed = 00:00:00.007 . Memory (MB): peak = 2226.645 ; gain = 0.000
INFO: [Common 17-83] Releasing license: Implementation
62 Infos, 23 Warnings, 1 Critical Warnings and 0 Errors encountered.
opt_design completed successfully
opt_design: Time (s): cpu = 00:00:14 ; elapsed = 00:00:46 . Memory (MB): peak = 2226.645 ; gain = 1037.863
INFO: [runtcl-4] Executing : report_drc -file four_bit_puf_drc_opted.rpt -pb four_bit_puf_drc_opted.pb -rpx four_bit_puf_drc_opted.rpx
Command: report_drc -file four_bit_puf_drc_opted.rpt -pb four_bit_puf_drc_opted.pb -rpx four_bit_puf_drc_opted.rpx
INFO: [IP_Flow 19-1839] IP Catalog is up to date.
INFO: [DRC 23-27] Running DRC with 2 threads
INFO: [Vivado_Tcl 2-168] The results of DRC are in file H:/PUF/PUF_manualPR/PUF_manualPR.runs/impl_1/four_bit_puf_drc_opted.rpt.
report_drc completed successfully
INFO: [Timing 38-35] Done setting XDC timing constraints.
INFO: [Timing 38-480] Writing timing data to binary archive.
Write ShapeDB Complete: Time (s): cpu = 00:00:01 ; elapsed = 00:00:00.046 . Memory (MB): peak = 2226.645 ; gain = 0.000
Wrote PlaceDB: Time (s): cpu = 00:00:01 ; elapsed = 00:00:00.080 . Memory (MB): peak = 2226.645 ; gain = 0.000
Wrote PulsedLatchDB: Time (s): cpu = 00:00:00 ; elapsed = 00:00:00 . Memory (MB): peak = 2226.645 ; gain = 0.000
Writing XDEF routing.
Writing XDEF routing logical nets.
Writing XDEF routing special nets.
Wrote RouteStorage: Time (s): cpu = 00:00:00 ; elapsed = 00:00:00.039 . Memory (MB): peak = 2226.645 ; gain = 0.000
Wrote Netlist Cache: Time (s): cpu = 00:00:00 ; elapsed = 00:00:00 . Memory (MB): peak = 2226.645 ; gain = 0.000
Wrote Device Cache: Time (s): cpu = 00:00:00 ; elapsed = 00:00:00.059 . Memory (MB): peak = 2226.645 ; gain = 0.000
Write Physdb Complete: Time (s): cpu = 00:00:01 ; elapsed = 00:00:00.297 . Memory (MB): peak = 2226.645 ; gain = 0.000
INFO: [Common 17-1381] The checkpoint 'H:/PUF/PUF_manualPR/PUF_manualPR.runs/impl_1/four_bit_puf_opt.dcp' has been generated.
INFO: [Chipscope 16-240] Debug cores have already been implemented
Command: place_design
Attempting to get a license for feature 'Implementation' and/or device 'xc7a100t'
INFO: [Common 17-349] Got license for feature 'Implementation' and/or device 'xc7a100t'
INFO: [Common 17-83] Releasing license: Implementation
INFO: [DRC 23-27] Running DRC with 2 threads
INFO: [Vivado_Tcl 4-198] DRC finished with 0 Errors
INFO: [Vivado_Tcl 4-199] Please refer to the DRC report (report_drc) for more information.
Running DRC as a precondition to command place_design
INFO: [DRC 23-27] Running DRC with 2 threads
INFO: [Vivado_Tcl 4-198] DRC finished with 0 Errors
INFO: [Vivado_Tcl 4-199] Please refer to the DRC report (report_drc) for more information.
INFO: [Place 30-611] Multithreading enabled for place_design using a maximum of 2 CPUs

Starting Placer Task

Phase 1 Placer Initialization

Phase 1.1 Placer Initialization Netlist Sorting
Netlist sorting complete. Time (s): cpu = 00:00:00 ; elapsed = 00:00:00.002 . Memory (MB): peak = 2226.645 ; gain = 0.000
Phase 1.1 Placer Initialization Netlist Sorting | Checksum: 156d41369

Time (s): cpu = 00:00:00 ; elapsed = 00:00:00.008 . Memory (MB): peak = 2226.645 ; gain = 0.000
Netlist sorting complete. Time (s): cpu = 00:00:00 ; elapsed = 00:00:00.002 . Memory (MB): peak = 2226.645 ; gain = 0.000

Phase 1.2 IO Placement/ Clock Placement/ Build Placer Device
WARNING: [Place 30-574] Poor placement for routing between an IO pin and BUFG. This is normally an ERROR but the CLOCK_DEDICATED_ROUTE constraint is set to FALSE allowing your design to continue. The use of this override is highly discouraged as it may lead to very poor timing results. It is recommended that this error condition be corrected in the design.

	START_IBUF_inst (IBUF.O) is locked to IOB_X0Y93
	START_IBUF_BUFG_inst (BUFG.I) is provisionally placed by clockplacer on BUFGCTRL_X0Y0
Resolution: Poor placement of an IO pin and a BUFG has resulted in the router using a non-dedicated path between the two.  There are several things that could trigger this DRC, each of which can cause unpredictable clock insertion delays that result in poor timing.  This DRC could be caused by any of the following: (a) a clock port was placed on a pin that is not a CCIO-pin (b)the BUFG has not been placed in the same half of the device or SLR as the CCIO-pin (c) a single ended clock has been placed on the N-Side of a differential pair CCIO-pin.
Phase 1.2 IO Placement/ Clock Placement/ Build Placer Device | Checksum: 148000b89

Time (s): cpu = 00:00:01 ; elapsed = 00:00:00.576 . Memory (MB): peak = 2226.645 ; gain = 0.000

Phase 1.3 Build Placer Netlist Model
Phase 1.3 Build Placer Netlist Model | Checksum: 1ea7a27e3

Time (s): cpu = 00:00:02 ; elapsed = 00:00:01 . Memory (MB): peak = 2226.645 ; gain = 0.000

Phase 1.4 Constrain Clocks/Macros
Phase 1.4 Constrain Clocks/Macros | Checksum: 1ea7a27e3

Time (s): cpu = 00:00:02 ; elapsed = 00:00:01 . Memory (MB): peak = 2226.645 ; gain = 0.000
Phase 1 Placer Initialization | Checksum: 1ea7a27e3

Time (s): cpu = 00:00:02 ; elapsed = 00:00:01 . Memory (MB): peak = 2226.645 ; gain = 0.000

Phase 2 Global Placement

Phase 2.1 Floorplanning
Phase 2.1 Floorplanning | Checksum: 149f4bdd3

Time (s): cpu = 00:00:02 ; elapsed = 00:00:02 . Memory (MB): peak = 2226.645 ; gain = 0.000

Phase 2.2 Update Timing before SLR Path Opt
Phase 2.2 Update Timing before SLR Path Opt | Checksum: 1a1bd1ee2

Time (s): cpu = 00:00:03 ; elapsed = 00:00:02 . Memory (MB): peak = 2226.645 ; gain = 0.000

Phase 2.3 Post-Processing in Floorplanning
Phase 2.3 Post-Processing in Floorplanning | Checksum: 1a1bd1ee2

Time (s): cpu = 00:00:03 ; elapsed = 00:00:02 . Memory (MB): peak = 2226.645 ; gain = 0.000

Phase 2.4 Global Placement Core

Phase 2.4.1 UpdateTiming Before Physical Synthesis
Phase 2.4.1 UpdateTiming Before Physical Synthesis | Checksum: 1c48181b5

Time (s): cpu = 00:00:06 ; elapsed = 00:00:04 . Memory (MB): peak = 2226.645 ; gain = 0.000

Phase 2.4.2 Physical Synthesis In Placer
INFO: [Physopt 32-1035] Found 0 LUTNM shape to break, 162 LUT instances to create LUTNM shape
INFO: [Physopt 32-1044] Break lutnm for timing: one critical 0, two critical 0, total 0, new lutff created 0
INFO: [Physopt 32-1138] End 1 Pass. Optimized 74 nets or LUTs. Breaked 0 LUT, combined 74 existing LUTs and moved 0 existing LUT
INFO: [Physopt 32-65] No nets found for high-fanout optimization.
INFO: [Physopt 32-232] Optimized 0 net. Created 0 new instance.
INFO: [Physopt 32-775] End 1 Pass. Optimized 0 net or cell. Created 0 new cell, deleted 0 existing cell and moved 0 existing cell
INFO: [Physopt 32-670] No setup violation found.  DSP Register Optimization was not performed.
INFO: [Physopt 32-670] No setup violation found.  Shift Register to Pipeline Optimization was not performed.
INFO: [Physopt 32-670] No setup violation found.  Shift Register Optimization was not performed.
INFO: [Physopt 32-670] No setup violation found.  BRAM Register Optimization was not performed.
INFO: [Physopt 32-670] No setup violation found.  URAM Register Optimization was not performed.
INFO: [Physopt 32-949] No candidate nets found for dynamic/static region interface net replication
INFO: [Physopt 32-775] End 1 Pass. Optimized 0 net or cell. Created 0 new cell, deleted 0 existing cell and moved 0 existing cell
Netlist sorting complete. Time (s): cpu = 00:00:00 ; elapsed = 00:00:00.002 . Memory (MB): peak = 2226.645 ; gain = 0.000

Summary of Physical Synthesis Optimizations
============================================


-----------------------------------------------------------------------------------------------------------------------------------------------------------
|  Optimization                                     |  Added Cells  |  Removed Cells  |  Optimized Cells/Nets  |  Dont Touch  |  Iterations  |  Elapsed   |
-----------------------------------------------------------------------------------------------------------------------------------------------------------
|  LUT Combining                                    |            0  |             74  |                    74  |           0  |           1  |  00:00:00  |
|  Retime                                           |            0  |              0  |                     0  |           0  |           1  |  00:00:00  |
|  Very High Fanout                                 |            0  |              0  |                     0  |           0  |           1  |  00:00:00  |
|  DSP Register                                     |            0  |              0  |                     0  |           0  |           0  |  00:00:00  |
|  Shift Register to Pipeline                       |            0  |              0  |                     0  |           0  |           0  |  00:00:00  |
|  Shift Register                                   |            0  |              0  |                     0  |           0  |           0  |  00:00:00  |
|  BRAM Register                                    |            0  |              0  |                     0  |           0  |           0  |  00:00:00  |
|  URAM Register                                    |            0  |              0  |                     0  |           0  |           0  |  00:00:00  |
|  Dynamic/Static Region Interface Net Replication  |            0  |              0  |                     0  |           0  |           1  |  00:00:00  |
|  Total                                            |            0  |             74  |                    74  |           0  |           4  |  00:00:00  |
-----------------------------------------------------------------------------------------------------------------------------------------------------------


Phase 2.4.2 Physical Synthesis In Placer | Checksum: 20effca64

Time (s): cpu = 00:00:06 ; elapsed = 00:00:04 . Memory (MB): peak = 2226.645 ; gain = 0.000
Phase 2.4 Global Placement Core | Checksum: 1644564bb

Time (s): cpu = 00:00:07 ; elapsed = 00:00:04 . Memory (MB): peak = 2226.645 ; gain = 0.000
Phase 2 Global Placement | Checksum: 1644564bb

Time (s): cpu = 00:00:07 ; elapsed = 00:00:04 . Memory (MB): peak = 2226.645 ; gain = 0.000

Phase 3 Detail Placement

Phase 3.1 Commit Multi Column Macros
Phase 3.1 Commit Multi Column Macros | Checksum: 219d6634f

Time (s): cpu = 00:00:07 ; elapsed = 00:00:05 . Memory (MB): peak = 2226.645 ; gain = 0.000

Phase 3.2 Commit Most Macros & LUTRAMs
Phase 3.2 Commit Most Macros & LUTRAMs | Checksum: 1bc299011

Time (s): cpu = 00:00:08 ; elapsed = 00:00:05 . Memory (MB): peak = 2226.645 ; gain = 0.000

Phase 3.3 Area Swap Optimization
Phase 3.3 Area Swap Optimization | Checksum: 1e62e1032

Time (s): cpu = 00:00:08 ; elapsed = 00:00:05 . Memory (MB): peak = 2226.645 ; gain = 0.000

Phase 3.4 Pipeline Register Optimization
Phase 3.4 Pipeline Register Optimization | Checksum: 11353c1f0

Time (s): cpu = 00:00:08 ; elapsed = 00:00:05 . Memory (MB): peak = 2226.645 ; gain = 0.000

Phase 3.5 Small Shape Detail Placement
Phase 3.5 Small Shape Detail Placement | Checksum: 1d021c508

Time (s): cpu = 00:00:09 ; elapsed = 00:00:06 . Memory (MB): peak = 2226.645 ; gain = 0.000

Phase 3.6 Re-assign LUT pins
Phase 3.6 Re-assign LUT pins | Checksum: 1e060640a

Time (s): cpu = 00:00:09 ; elapsed = 00:00:06 . Memory (MB): peak = 2226.645 ; gain = 0.000

Phase 3.7 Pipeline Register Optimization
Phase 3.7 Pipeline Register Optimization | Checksum: 1871991e2

Time (s): cpu = 00:00:09 ; elapsed = 00:00:06 . Memory (MB): peak = 2226.645 ; gain = 0.000
Phase 3 Detail Placement | Checksum: 1871991e2

Time (s): cpu = 00:00:09 ; elapsed = 00:00:06 . Memory (MB): peak = 2226.645 ; gain = 0.000

Phase 4 Post Placement Optimization and Clean-Up

Phase 4.1 Post Commit Optimization
INFO: [Timing 38-35] Done setting XDC timing constraints.

Phase 4.1.1 Post Placement Optimization
Post Placement Optimization Initialization | Checksum: 121a0fa37

Phase 4.1.1.1 BUFG Insertion

Starting Physical Synthesis Task

Phase 1 Physical Synthesis Initialization
INFO: [Physopt 32-721] Multithreading enabled for phys_opt_design using a maximum of 2 CPUs
INFO: [Physopt 32-619] Estimated Timing Summary | WNS=3.629 | TNS=0.000 |
Phase 1 Physical Synthesis Initialization | Checksum: 117cae366

Time (s): cpu = 00:00:01 ; elapsed = 00:00:00.213 . Memory (MB): peak = 2226.645 ; gain = 0.000
INFO: [Place 46-56] BUFG insertion identified 0 candidate nets. Inserted BUFG: 0, Replicated BUFG Driver: 0, Skipped due to Placement/Routing Conflicts: 0, Skipped due to Timing Degradation: 0, Skipped due to netlist editing failed: 0.
Ending Physical Synthesis Task | Checksum: 117cae366

Time (s): cpu = 00:00:01 ; elapsed = 00:00:00.247 . Memory (MB): peak = 2226.645 ; gain = 0.000
Phase 4.1.1.1 BUFG Insertion | Checksum: 121a0fa37

Time (s): cpu = 00:00:11 ; elapsed = 00:00:07 . Memory (MB): peak = 2226.645 ; gain = 0.000

Phase 4.1.1.2 Post Placement Timing Optimization
INFO: [Place 30-746] Post Placement Timing Summary WNS=3.629. For the most accurate timing information please run report_timing.
Phase 4.1.1.2 Post Placement Timing Optimization | Checksum: 18d21873d

Time (s): cpu = 00:00:11 ; elapsed = 00:00:07 . Memory (MB): peak = 2226.645 ; gain = 0.000

Time (s): cpu = 00:00:11 ; elapsed = 00:00:07 . Memory (MB): peak = 2226.645 ; gain = 0.000
Phase 4.1 Post Commit Optimization | Checksum: 18d21873d

Time (s): cpu = 00:00:11 ; elapsed = 00:00:07 . Memory (MB): peak = 2226.645 ; gain = 0.000

Phase 4.2 Post Placement Cleanup
Phase 4.2 Post Placement Cleanup | Checksum: 18d21873d

Time (s): cpu = 00:00:11 ; elapsed = 00:00:07 . Memory (MB): peak = 2226.645 ; gain = 0.000

Phase 4.3 Placer Reporting

Phase 4.3.1 Print Estimated Congestion
INFO: [Place 30-612] Post-Placement Estimated Congestion 
 ____________________________________________________
|           | Global Congestion | Short Congestion  |
| Direction | Region Size       | Region Size       |
|___________|___________________|___________________|
|      North|                1x1|                1x1|
|___________|___________________|___________________|
|      South|                1x1|                1x1|
|___________|___________________|___________________|
|       East|                1x1|                1x1|
|___________|___________________|___________________|
|       West|                1x1|                1x1|
|___________|___________________|___________________|

Phase 4.3.1 Print Estimated Congestion | Checksum: 18d21873d

Time (s): cpu = 00:00:11 ; elapsed = 00:00:08 . Memory (MB): peak = 2226.645 ; gain = 0.000
Phase 4.3 Placer Reporting | Checksum: 18d21873d

Time (s): cpu = 00:00:11 ; elapsed = 00:00:08 . Memory (MB): peak = 2226.645 ; gain = 0.000

Phase 4.4 Final Placement Cleanup
Netlist sorting complete. Time (s): cpu = 00:00:00 ; elapsed = 00:00:00.006 . Memory (MB): peak = 2226.645 ; gain = 0.000

Time (s): cpu = 00:00:11 ; elapsed = 00:00:08 . Memory (MB): peak = 2226.645 ; gain = 0.000
Phase 4 Post Placement Optimization and Clean-Up | Checksum: 1bf06a6dc

Time (s): cpu = 00:00:11 ; elapsed = 00:00:08 . Memory (MB): peak = 2226.645 ; gain = 0.000
Ending Placer Task | Checksum: f7de6371

Time (s): cpu = 00:00:11 ; elapsed = 00:00:08 . Memory (MB): peak = 2226.645 ; gain = 0.000
98 Infos, 24 Warnings, 1 Critical Warnings and 0 Errors encountered.
place_design completed successfully
place_design: Time (s): cpu = 00:00:12 ; elapsed = 00:00:08 . Memory (MB): peak = 2226.645 ; gain = 0.000
INFO: [runtcl-4] Executing : report_io -file four_bit_puf_io_placed.rpt
report_io: Time (s): cpu = 00:00:00 ; elapsed = 00:00:00.069 . Memory (MB): peak = 2226.645 ; gain = 0.000
INFO: [runtcl-4] Executing : report_utilization -file four_bit_puf_utilization_placed.rpt -pb four_bit_puf_utilization_placed.pb
INFO: [runtcl-4] Executing : report_control_sets -verbose -file four_bit_puf_control_sets_placed.rpt
report_control_sets: Time (s): cpu = 00:00:00 ; elapsed = 00:00:00.044 . Memory (MB): peak = 2226.645 ; gain = 0.000
INFO: [Timing 38-480] Writing timing data to binary archive.
Write ShapeDB Complete: Time (s): cpu = 00:00:00 ; elapsed = 00:00:00.091 . Memory (MB): peak = 2226.645 ; gain = 0.000
Wrote PlaceDB: Time (s): cpu = 00:00:01 ; elapsed = 00:00:02 . Memory (MB): peak = 2226.645 ; gain = 0.000
Wrote PulsedLatchDB: Time (s): cpu = 00:00:00 ; elapsed = 00:00:00 . Memory (MB): peak = 2226.645 ; gain = 0.000
Writing XDEF routing.
Writing XDEF routing logical nets.
Writing XDEF routing special nets.
Wrote RouteStorage: Time (s): cpu = 00:00:00 ; elapsed = 00:00:00.043 . Memory (MB): peak = 2226.645 ; gain = 0.000
Wrote Netlist Cache: Time (s): cpu = 00:00:00 ; elapsed = 00:00:00.048 . Memory (MB): peak = 2226.645 ; gain = 0.000
Wrote Device Cache: Time (s): cpu = 00:00:00 ; elapsed = 00:00:00.063 . Memory (MB): peak = 2226.645 ; gain = 0.000
Write Physdb Complete: Time (s): cpu = 00:00:01 ; elapsed = 00:00:02 . Memory (MB): peak = 2226.645 ; gain = 0.000
INFO: [Common 17-1381] The checkpoint 'H:/PUF/PUF_manualPR/PUF_manualPR.runs/impl_1/four_bit_puf_placed.dcp' has been generated.
write_checkpoint: Time (s): cpu = 00:00:02 ; elapsed = 00:00:05 . Memory (MB): peak = 2226.645 ; gain = 0.000
Command: phys_opt_design
Attempting to get a license for feature 'Implementation' and/or device 'xc7a100t'
INFO: [Common 17-349] Got license for feature 'Implementation' and/or device 'xc7a100t'

Starting Initial Update Timing Task

Time (s): cpu = 00:00:01 ; elapsed = 00:00:00.523 . Memory (MB): peak = 2226.645 ; gain = 0.000
INFO: [Vivado_Tcl 4-383] Design worst setup slack (WNS) is greater than or equal to 0.000 ns. Skipping all physical synthesis optimizations.
INFO: [Vivado_Tcl 4-232] No setup violation found. The netlist was not modified.
INFO: [Common 17-83] Releasing license: Implementation
107 Infos, 24 Warnings, 1 Critical Warnings and 0 Errors encountered.
phys_opt_design completed successfully
INFO: [Timing 38-480] Writing timing data to binary archive.
Write ShapeDB Complete: Time (s): cpu = 00:00:00 ; elapsed = 00:00:00.091 . Memory (MB): peak = 2226.645 ; gain = 0.000
Wrote PlaceDB: Time (s): cpu = 00:00:02 ; elapsed = 00:00:01 . Memory (MB): peak = 2226.645 ; gain = 0.000
Wrote PulsedLatchDB: Time (s): cpu = 00:00:00 ; elapsed = 00:00:00 . Memory (MB): peak = 2226.645 ; gain = 0.000
Writing XDEF routing.
Writing XDEF routing logical nets.
Writing XDEF routing special nets.
Wrote RouteStorage: Time (s): cpu = 00:00:00 ; elapsed = 00:00:00.047 . Memory (MB): peak = 2226.645 ; gain = 0.000
Wrote Netlist Cache: Time (s): cpu = 00:00:00 ; elapsed = 00:00:00.046 . Memory (MB): peak = 2226.645 ; gain = 0.000
Wrote Device Cache: Time (s): cpu = 00:00:00 ; elapsed = 00:00:00.070 . Memory (MB): peak = 2226.645 ; gain = 0.000
Write Physdb Complete: Time (s): cpu = 00:00:02 ; elapsed = 00:00:02 . Memory (MB): peak = 2226.645 ; gain = 0.000
INFO: [Common 17-1381] The checkpoint 'H:/PUF/PUF_manualPR/PUF_manualPR.runs/impl_1/four_bit_puf_physopt.dcp' has been generated.
Command: route_design
Attempting to get a license for feature 'Implementation' and/or device 'xc7a100t'
INFO: [Common 17-349] Got license for feature 'Implementation' and/or device 'xc7a100t'
Running DRC as a precondition to command route_design
INFO: [DRC 23-27] Running DRC with 2 threads
INFO: [Vivado_Tcl 4-198] DRC finished with 0 Errors, 1 Warnings
INFO: [Vivado_Tcl 4-199] Please refer to the DRC report (report_drc) for more information.


Starting Routing Task
INFO: [Route 35-254] Multithreading enabled for route_design using a maximum of 8 CPUs

Phase 1 Build RT Design
Checksum: PlaceDB: 42eddadb ConstDB: 0 ShapeSum: b4f08896 RouteDB: 0
Post Restoration Checksum: NetGraph: 229f8b68 | NumContArr: b9f04ace | Constraints: c2a8fa9d | Timing: c2a8fa9d
Phase 1 Build RT Design | Checksum: 261e1cb70

Time (s): cpu = 00:00:31 ; elapsed = 00:00:27 . Memory (MB): peak = 2344.871 ; gain = 118.227

Phase 2 Router Initialization

Phase 2.1 Fix Topology Constraints
Phase 2.1 Fix Topology Constraints | Checksum: 261e1cb70

Time (s): cpu = 00:00:31 ; elapsed = 00:00:27 . Memory (MB): peak = 2344.871 ; gain = 118.227

Phase 2.2 Pre Route Cleanup
Phase 2.2 Pre Route Cleanup | Checksum: 261e1cb70

Time (s): cpu = 00:00:31 ; elapsed = 00:00:27 . Memory (MB): peak = 2344.871 ; gain = 118.227
 Number of Nodes with overlaps = 0

Phase 2.3 Update Timing
Phase 2.3 Update Timing | Checksum: 2b7d867b1

Time (s): cpu = 00:00:33 ; elapsed = 00:00:29 . Memory (MB): peak = 2409.789 ; gain = 183.145
INFO: [Route 35-416] Intermediate Timing Summary | WNS=3.774  | TNS=0.000  | WHS=-0.186 | THS=-97.247|


Phase 2.4 Update Timing for Bus Skew

Phase 2.4.1 Update Timing
Phase 2.4.1 Update Timing | Checksum: 270950533

Time (s): cpu = 00:00:34 ; elapsed = 00:00:29 . Memory (MB): peak = 2409.789 ; gain = 183.145
INFO: [Route 35-416] Intermediate Timing Summary | WNS=3.774  | TNS=0.000  | WHS=N/A    | THS=N/A    |

Phase 2.4 Update Timing for Bus Skew | Checksum: 269bce021

Time (s): cpu = 00:00:34 ; elapsed = 00:00:29 . Memory (MB): peak = 2409.789 ; gain = 183.145

Router Utilization Summary
  Global Vertical Routing Utilization    = 0.000217609 %
  Global Horizontal Routing Utilization  = 0.00262859 %
  Routable Net Status*
  *Does not include unroutable nets such as driverless and loadless.
  Run report_route_status for detailed report.
  Number of Failed Nets               = 3773
    (Failed Nets is the sum of unrouted and partially routed nets)
  Number of Unrouted Nets             = 3773
  Number of Partially Routed Nets     = 0
  Number of Node Overlaps             = 0

Phase 2 Router Initialization | Checksum: 32ad61c9c

Time (s): cpu = 00:00:35 ; elapsed = 00:00:29 . Memory (MB): peak = 2434.324 ; gain = 207.680

Phase 3 Initial Routing

Phase 3.1 Global Routing
Phase 3.1 Global Routing | Checksum: 32ad61c9c

Time (s): cpu = 00:00:35 ; elapsed = 00:00:29 . Memory (MB): peak = 2434.324 ; gain = 207.680

Phase 3.2 Initial Net Routing
Phase 3.2 Initial Net Routing | Checksum: 2acd6b5dd

Time (s): cpu = 00:00:36 ; elapsed = 00:00:30 . Memory (MB): peak = 2434.324 ; gain = 207.680
Phase 3 Initial Routing | Checksum: 2acd6b5dd

Time (s): cpu = 00:00:36 ; elapsed = 00:00:30 . Memory (MB): peak = 2434.324 ; gain = 207.680

Phase 4 Rip-up And Reroute

Phase 4.1 Global Iteration 0
 Number of Nodes with overlaps = 274
 Number of Nodes with overlaps = 11
 Number of Nodes with overlaps = 0
INFO: [Route 35-416] Intermediate Timing Summary | WNS=3.477  | TNS=0.000  | WHS=N/A    | THS=N/A    |

Phase 4.1 Global Iteration 0 | Checksum: 299aac8e0

Time (s): cpu = 00:00:38 ; elapsed = 00:00:31 . Memory (MB): peak = 2434.324 ; gain = 207.680

Phase 4.2 Global Iteration 1
 Number of Nodes with overlaps = 0
INFO: [Route 35-416] Intermediate Timing Summary | WNS=3.477  | TNS=0.000  | WHS=N/A    | THS=N/A    |

Phase 4.2 Global Iteration 1 | Checksum: 281cbe2b3

Time (s): cpu = 00:00:38 ; elapsed = 00:00:31 . Memory (MB): peak = 2434.324 ; gain = 207.680
Phase 4 Rip-up And Reroute | Checksum: 281cbe2b3

Time (s): cpu = 00:00:38 ; elapsed = 00:00:31 . Memory (MB): peak = 2434.324 ; gain = 207.680

Phase 5 Delay and Skew Optimization

Phase 5.1 Delay CleanUp

Phase 5.1.1 Update Timing
Phase 5.1.1 Update Timing | Checksum: 25bf77c65

Time (s): cpu = 00:00:38 ; elapsed = 00:00:31 . Memory (MB): peak = 2434.324 ; gain = 207.680
INFO: [Route 35-416] Intermediate Timing Summary | WNS=3.556  | TNS=0.000  | WHS=N/A    | THS=N/A    |

Phase 5.1 Delay CleanUp | Checksum: 1f5db7017

Time (s): cpu = 00:00:38 ; elapsed = 00:00:31 . Memory (MB): peak = 2434.324 ; gain = 207.680

Phase 5.2 Clock Skew Optimization
Phase 5.2 Clock Skew Optimization | Checksum: 1f5db7017

Time (s): cpu = 00:00:38 ; elapsed = 00:00:31 . Memory (MB): peak = 2434.324 ; gain = 207.680
Phase 5 Delay and Skew Optimization | Checksum: 1f5db7017

Time (s): cpu = 00:00:38 ; elapsed = 00:00:31 . Memory (MB): peak = 2434.324 ; gain = 207.680

Phase 6 Post Hold Fix

Phase 6.1 Hold Fix Iter

Phase 6.1.1 Update Timing
Phase 6.1.1 Update Timing | Checksum: 2a83346c0

Time (s): cpu = 00:00:39 ; elapsed = 00:00:31 . Memory (MB): peak = 2434.324 ; gain = 207.680
INFO: [Route 35-416] Intermediate Timing Summary | WNS=3.556  | TNS=0.000  | WHS=0.024  | THS=0.000  |

Phase 6.1 Hold Fix Iter | Checksum: 23aba28be

Time (s): cpu = 00:00:39 ; elapsed = 00:00:31 . Memory (MB): peak = 2434.324 ; gain = 207.680
Phase 6 Post Hold Fix | Checksum: 23aba28be

Time (s): cpu = 00:00:39 ; elapsed = 00:00:31 . Memory (MB): peak = 2434.324 ; gain = 207.680

Phase 7 Route finalize

Router Utilization Summary
  Global Vertical Routing Utilization    = 0.510946 %
  Global Horizontal Routing Utilization  = 0.546178 %
  Routable Net Status*
  *Does not include unroutable nets such as driverless and loadless.
  Run report_route_status for detailed report.
  Number of Failed Nets               = 0
    (Failed Nets is the sum of unrouted and partially routed nets)
  Number of Unrouted Nets             = 0
  Number of Partially Routed Nets     = 0
  Number of Node Overlaps             = 0

Phase 7 Route finalize | Checksum: 23aba28be

Time (s): cpu = 00:00:39 ; elapsed = 00:00:31 . Memory (MB): peak = 2434.324 ; gain = 207.680

Phase 8 Verifying routed nets

 Verification completed successfully
Phase 8 Verifying routed nets | Checksum: 23aba28be

Time (s): cpu = 00:00:39 ; elapsed = 00:00:31 . Memory (MB): peak = 2434.324 ; gain = 207.680

Phase 9 Depositing Routes
Phase 9 Depositing Routes | Checksum: 1e6e1cb33

Time (s): cpu = 00:00:39 ; elapsed = 00:00:31 . Memory (MB): peak = 2434.324 ; gain = 207.680

Phase 10 Post Router Timing
INFO: [Route 35-57] Estimated Timing Summary | WNS=3.556  | TNS=0.000  | WHS=0.024  | THS=0.000  |

INFO: [Route 35-327] The final timing numbers are based on the router estimated timing analysis. For a complete and accurate timing signoff, please run report_timing_summary.
Phase 10 Post Router Timing | Checksum: 1e6e1cb33

Time (s): cpu = 00:00:39 ; elapsed = 00:00:32 . Memory (MB): peak = 2434.324 ; gain = 207.680
INFO: [Route 35-16] Router Completed Successfully

Phase 11 Post-Route Event Processing
Phase 11 Post-Route Event Processing | Checksum: 13e41eed8

Time (s): cpu = 00:00:39 ; elapsed = 00:00:32 . Memory (MB): peak = 2434.324 ; gain = 207.680
Ending Routing Task | Checksum: 13e41eed8

Time (s): cpu = 00:00:39 ; elapsed = 00:00:32 . Memory (MB): peak = 2434.324 ; gain = 207.680

Routing Is Done.
INFO: [Common 17-83] Releasing license: Implementation
124 Infos, 24 Warnings, 1 Critical Warnings and 0 Errors encountered.
route_design completed successfully
route_design: Time (s): cpu = 00:00:40 ; elapsed = 00:00:51 . Memory (MB): peak = 2434.324 ; gain = 207.680
INFO: [runtcl-4] Executing : report_drc -file four_bit_puf_drc_routed.rpt -pb four_bit_puf_drc_routed.pb -rpx four_bit_puf_drc_routed.rpx
Command: report_drc -file four_bit_puf_drc_routed.rpt -pb four_bit_puf_drc_routed.pb -rpx four_bit_puf_drc_routed.rpx
INFO: [IP_Flow 19-1839] IP Catalog is up to date.
INFO: [DRC 23-27] Running DRC with 2 threads
INFO: [Vivado_Tcl 2-168] The results of DRC are in file H:/PUF/PUF_manualPR/PUF_manualPR.runs/impl_1/four_bit_puf_drc_routed.rpt.
report_drc completed successfully
INFO: [runtcl-4] Executing : report_methodology -file four_bit_puf_methodology_drc_routed.rpt -pb four_bit_puf_methodology_drc_routed.pb -rpx four_bit_puf_methodology_drc_routed.rpx
Command: report_methodology -file four_bit_puf_methodology_drc_routed.rpt -pb four_bit_puf_methodology_drc_routed.pb -rpx four_bit_puf_methodology_drc_routed.rpx
INFO: [Timing 38-35] Done setting XDC timing constraints.
INFO: [DRC 23-133] Running Methodology with 2 threads
INFO: [Vivado_Tcl 2-1520] The results of Report Methodology are in file H:/PUF/PUF_manualPR/PUF_manualPR.runs/impl_1/four_bit_puf_methodology_drc_routed.rpt.
report_methodology completed successfully
INFO: [runtcl-4] Executing : report_power -file four_bit_puf_power_routed.rpt -pb four_bit_puf_power_summary_routed.pb -rpx four_bit_puf_power_routed.rpx
Command: report_power -file four_bit_puf_power_routed.rpt -pb four_bit_puf_power_summary_routed.pb -rpx four_bit_puf_power_routed.rpx
INFO: [Timing 38-35] Done setting XDC timing constraints.
Running Vector-less Activity Propagation...

Finished Running Vector-less Activity Propagation
134 Infos, 24 Warnings, 1 Critical Warnings and 0 Errors encountered.
report_power completed successfully
INFO: [runtcl-4] Executing : report_route_status -file four_bit_puf_route_status.rpt -pb four_bit_puf_route_status.pb
INFO: [runtcl-4] Executing : report_timing_summary -max_paths 10 -report_unconstrained -file four_bit_puf_timing_summary_routed.rpt -pb four_bit_puf_timing_summary_routed.pb -rpx four_bit_puf_timing_summary_routed.rpx -warn_on_violation 
INFO: [Timing 38-91] UpdateTimingParams: Speed grade: -1, Delay Type: min_max.
INFO: [Timing 38-191] Multithreading enabled for timing update using a maximum of 2 CPUs
WARNING: [Timing 38-436] There are set_bus_skew constraint(s) in this design. Please run report_bus_skew to ensure that bus skew requirements are met.
INFO: [runtcl-4] Executing : report_incremental_reuse -file four_bit_puf_incremental_reuse_routed.rpt
INFO: [Vivado_Tcl 4-1062] Incremental flow is disabled. No incremental reuse Info to report.
INFO: [runtcl-4] Executing : report_clock_utilization -file four_bit_puf_clock_utilization_routed.rpt
INFO: [runtcl-4] Executing : report_bus_skew -warn_on_violation -file four_bit_puf_bus_skew_routed.rpt -pb four_bit_puf_bus_skew_routed.pb -rpx four_bit_puf_bus_skew_routed.rpx
INFO: [Timing 38-91] UpdateTimingParams: Speed grade: -1, Delay Type: min_max.
INFO: [Timing 38-191] Multithreading enabled for timing update using a maximum of 2 CPUs
INFO: [Timing 38-480] Writing timing data to binary archive.
Write ShapeDB Complete: Time (s): cpu = 00:00:00 ; elapsed = 00:00:00.088 . Memory (MB): peak = 2434.324 ; gain = 0.000
Wrote PlaceDB: Time (s): cpu = 00:00:01 ; elapsed = 00:00:02 . Memory (MB): peak = 2434.324 ; gain = 0.000
Wrote PulsedLatchDB: Time (s): cpu = 00:00:00 ; elapsed = 00:00:00 . Memory (MB): peak = 2434.324 ; gain = 0.000
Writing XDEF routing.
Writing XDEF routing logical nets.
Writing XDEF routing special nets.
Wrote RouteStorage: Time (s): cpu = 00:00:00 ; elapsed = 00:00:00.147 . Memory (MB): peak = 2434.324 ; gain = 0.000
Wrote Netlist Cache: Time (s): cpu = 00:00:00 ; elapsed = 00:00:00.033 . Memory (MB): peak = 2434.324 ; gain = 0.000
Wrote Device Cache: Time (s): cpu = 00:00:00 ; elapsed = 00:00:00.073 . Memory (MB): peak = 2434.324 ; gain = 0.000
Write Physdb Complete: Time (s): cpu = 00:00:01 ; elapsed = 00:00:02 . Memory (MB): peak = 2434.324 ; gain = 0.000
INFO: [Common 17-1381] The checkpoint 'H:/PUF/PUF_manualPR/PUF_manualPR.runs/impl_1/four_bit_puf_routed.dcp' has been generated.
Command: write_bitstream -force four_bit_puf.bit
Attempting to get a license for feature 'Implementation' and/or device 'xc7a100t'
INFO: [Common 17-349] Got license for feature 'Implementation' and/or device 'xc7a100t'
Running DRC as a precondition to command write_bitstream
INFO: [IP_Flow 19-1839] IP Catalog is up to date.
INFO: [DRC 23-27] Running DRC with 2 threads
WARNING: [DRC CFGBVS-1] Missing CFGBVS and CONFIG_VOLTAGE Design Properties: Neither the CFGBVS nor CONFIG_VOLTAGE voltage property is set in the current_design.  Configuration bank voltage select (CFGBVS) must be set to VCCO or GND, and CONFIG_VOLTAGE must be set to the correct configuration voltage, in order to determine the I/O voltage support for the pins in bank 0.  It is suggested to specify these either using the 'Edit Device Properties' function in the GUI or directly in the XDC file using the following syntax:

 set_property CFGBVS value1 [current_design]
 #where value1 is either VCCO or GND

 set_property CONFIG_VOLTAGE value2 [current_design]
 #where value2 is the voltage provided to configuration bank 0

Refer to the device configuration user guide for more information.
WARNING: [DRC PDCN-1569] LUT equation term check: Used physical LUT pin 'A1' of cell dbg_hub/inst/BSCANID.u_xsdbm_id/SWITCH_N_EXT_BSCAN.bscan_switch/temp_curid[31]_i_1 (pin dbg_hub/inst/BSCANID.u_xsdbm_id/SWITCH_N_EXT_BSCAN.bscan_switch/temp_curid[31]_i_1/I0) is not included in the LUT equation: 'O5=(A4*A2)+(A4*(~A2)*(~A5))+((~A4))'. If this cell is a user instantiated LUT in the design, please remove connectivity to the pin or change the equation and/or INIT string of the LUT to prevent this issue. If the cell is inferred or IP created LUT, please regenerate the IP and/or resynthesize the design to attempt to correct the issue.
WARNING: [DRC PDCN-1569] LUT equation term check: Used physical LUT pin 'A3' of cell dbg_hub/inst/BSCANID.u_xsdbm_id/SWITCH_N_EXT_BSCAN.bscan_switch/temp_curid[31]_i_1 (pin dbg_hub/inst/BSCANID.u_xsdbm_id/SWITCH_N_EXT_BSCAN.bscan_switch/temp_curid[31]_i_1/I1) is not included in the LUT equation: 'O5=(A4*A2)+(A4*(~A2)*(~A5))+((~A4))'. If this cell is a user instantiated LUT in the design, please remove connectivity to the pin or change the equation and/or INIT string of the LUT to prevent this issue. If the cell is inferred or IP created LUT, please regenerate the IP and/or resynthesize the design to attempt to correct the issue.
WARNING: [DRC PDCN-1569] LUT equation term check: Used physical LUT pin 'A5' of cell dbg_hub/inst/BSCANID.u_xsdbm_id/SWITCH_N_EXT_BSCAN.id_state[0]_i_1 (pin dbg_hub/inst/BSCANID.u_xsdbm_id/SWITCH_N_EXT_BSCAN.id_state[0]_i_1/I0) is not included in the LUT equation: 'O6=(A6+~A6)*((A3))'. If this cell is a user instantiated LUT in the design, please remove connectivity to the pin or change the equation and/or INIT string of the LUT to prevent this issue. If the cell is inferred or IP created LUT, please regenerate the IP and/or resynthesize the design to attempt to correct the issue.
WARNING: [DRC RTSTAT-10] No routable loads: 41 net(s) have no routable loads. The problem bus(es) and/or net(s) are OUT[16], OUT[17], OUT[18], OUT[19], OUT[20], OUT[21], OUT[22], OUT[23], OUT[24], OUT[25], OUT[26], OUT[27], OUT[28], OUT[29], OUT[30]... and (the first 15 of 39 listed).
INFO: [Vivado 12-3199] DRC finished with 0 Errors, 5 Warnings
INFO: [Vivado 12-3200] Please refer to the DRC report (report_drc) for more information.
INFO: [Designutils 20-2272] Running write_bitstream with 2 threads.
Loading data files...
Loading site data...
Loading route data...
Processing options...
Creating bitmap...
Creating bitstream...
Writing bitstream ./four_bit_puf.bit...
INFO: [Vivado 12-1842] Bitgen Completed Successfully.
INFO: [Project 1-1876] WebTalk data collection is mandatory when using a ULT device. To see the specific WebTalk data collected for your design, open the usage_statistics_webtalk.html or usage_statistics_webtalk.xml file in the implementation directory.
INFO: [Common 17-83] Releasing license: Implementation
14 Infos, 5 Warnings, 0 Critical Warnings and 0 Errors encountered.
write_bitstream completed successfully
write_bitstream: Time (s): cpu = 00:00:15 ; elapsed = 00:00:41 . Memory (MB): peak = 2853.055 ; gain = 418.730
INFO: [Common 17-206] Exiting Vivado at Fri May  1 01:12:57 2026...
